<?xml version="1.0" encoding="UTF-8"?>
<testsuites name="jest tests" tests="616" failures="45" errors="0" time="55.963">
  <testsuite name="Auth Flow Tests" errors="0" failures="4" skipped="0" timestamp="2026-03-10T09:40:30" time="13.205" tests="9">
    <testcase classname="Auth Flow Tests should verify server is reachable" name="Auth Flow Tests should verify server is reachable" time="0.119">
    </testcase>
    <testcase classname="Auth Flow Tests should verify test runner is working" name="Auth Flow Tests should verify test runner is working" time="0.006">
    </testcase>
    <testcase classname="Auth Flow Tests should verify login endpoint exists and returns proper response" name="Auth Flow Tests should verify login endpoint exists and returns proper response" time="0.083">
      <failure>Error: expect(received).toBe(expected) // Object.is equality

Expected: 200
Received: 401
    at Object.&lt;anonymous&gt; (D:\Projects-In-Hand\helixcrm\apps\api\test\flows\auth.flow.spec.ts:115:29)
    at processTicksAndRejections (node:internal/process/task_queues:105:5)</failure>
    </testcase>
    <testcase classname="Auth Flow Tests Complete Auth Lifecycle should handle complete user journey: register → login → me → refresh → logout" name="Auth Flow Tests Complete Auth Lifecycle should handle complete user journey: register → login → me → refresh → logout" time="0.093">
      <failure>Error: expect(received).toBe(expected) // Object.is equality

Expected: 200
Received: 401
    at Object.&lt;anonymous&gt; (D:\Projects-In-Hand\helixcrm\apps\api\test\flows\auth.flow.spec.ts:218:36)
    at processTicksAndRejections (node:internal/process/task_queues:105:5)</failure>
    </testcase>
    <testcase classname="Auth Flow Tests Complete Auth Lifecycle should handle account lockout after multiple failed attempts" name="Auth Flow Tests Complete Auth Lifecycle should handle account lockout after multiple failed attempts" time="0.248">
    </testcase>
    <testcase classname="Auth Flow Tests Complete Auth Lifecycle should handle session management: logout all and invalidate others" name="Auth Flow Tests Complete Auth Lifecycle should handle session management: logout all and invalidate others" time="0.047">
      <failure>Error: expect(received).toBe(expected) // Object.is equality

Expected: 200
Received: 401
    at Object.&lt;anonymous&gt; (D:\Projects-In-Hand\helixcrm\apps\api\test\flows\auth.flow.spec.ts:364:36)
    at processTicksAndRejections (node:internal/process/task_queues:105:5)</failure>
    </testcase>
    <testcase classname="Auth Flow Tests Registration Edge Cases should reject registration with existing email" name="Auth Flow Tests Registration Edge Cases should reject registration with existing email" time="0.027">
    </testcase>
    <testcase classname="Auth Flow Tests Registration Edge Cases should create default roles for new organization" name="Auth Flow Tests Registration Edge Cases should create default roles for new organization" time="0.025">
    </testcase>
    <testcase classname="Auth Flow Tests Token Version Invalidation should reject tokens after password change" name="Auth Flow Tests Token Version Invalidation should reject tokens after password change" time="0.042">
      <failure>Error: expect(received).toBe(expected) // Object.is equality

Expected: 200
Received: 401
    at Object.&lt;anonymous&gt; (D:\Projects-In-Hand\helixcrm\apps\api\test\flows\auth.flow.spec.ts:479:36)
    at processTicksAndRejections (node:internal/process/task_queues:105:5)</failure>
    </testcase>
  </testsuite>
  <testsuite name="ComplianceSchedulerService" errors="0" failures="19" skipped="0" timestamp="2026-03-10T09:40:44" time="0.903" tests="20">
    <testcase classname="ComplianceSchedulerService should be defined" name="ComplianceSchedulerService should be defined" time="0.009">
    </testcase>
    <testcase classname="ComplianceSchedulerService onModuleInit should start scheduled tasks on module init" name="ComplianceSchedulerService onModuleInit should start scheduled tasks on module init" time="0.005">
      <failure>Error: Property `startScheduledTasks` does not exist in the provided object
    at ModuleMocker.spyOn (D:\Projects-In-Hand\helixcrm\apps\api\node_modules\jest-mock\build\index.js:593:13)
    at Object.&lt;anonymous&gt; (D:\Projects-In-Hand\helixcrm\apps\api\tests\unit\compliance\compliance-scheduler.service.spec.ts:41:29)
    at Promise.finally.completed (D:\Projects-In-Hand\helixcrm\apps\api\node_modules\jest-circus\build\jestAdapterInit.js:1557:28)
    at new Promise (&lt;anonymous&gt;)
    at callAsyncCircusFn (D:\Projects-In-Hand\helixcrm\apps\api\node_modules\jest-circus\build\jestAdapterInit.js:1497:10)
    at _callCircusTest (D:\Projects-In-Hand\helixcrm\apps\api\node_modules\jest-circus\build\jestAdapterInit.js:1007:40)
    at _runTest (D:\Projects-In-Hand\helixcrm\apps\api\node_modules\jest-circus\build\jestAdapterInit.js:947:3)
    at D:\Projects-In-Hand\helixcrm\apps\api\node_modules\jest-circus\build\jestAdapterInit.js:849:7
    at _runTestsForDescribeBlock (D:\Projects-In-Hand\helixcrm\apps\api\node_modules\jest-circus\build\jestAdapterInit.js:862:11)
    at _runTestsForDescribeBlock (D:\Projects-In-Hand\helixcrm\apps\api\node_modules\jest-circus\build\jestAdapterInit.js:857:11)
    at _runTestsForDescribeBlock (D:\Projects-In-Hand\helixcrm\apps\api\node_modules\jest-circus\build\jestAdapterInit.js:857:11)
    at run (D:\Projects-In-Hand\helixcrm\apps\api\node_modules\jest-circus\build\jestAdapterInit.js:761:3)
    at runAndTransformResultsToJestFormat (D:\Projects-In-Hand\helixcrm\apps\api\node_modules\jest-circus\build\jestAdapterInit.js:1918:21)
    at jestAdapter (D:\Projects-In-Hand\helixcrm\apps\api\node_modules\jest-circus\build\runner.js:101:19)
    at runTestInternal (D:\Projects-In-Hand\helixcrm\apps\api\node_modules\jest-runner\build\index.js:275:16)
    at runTest (D:\Projects-In-Hand\helixcrm\apps\api\node_modules\jest-runner\build\index.js:343:7)</failure>
    </testcase>
    <testcase classname="ComplianceSchedulerService onModuleInit should log initialization" name="ComplianceSchedulerService onModuleInit should log initialization" time="0.005">
      <failure>Error: Cannot use spyOn on a primitive value; undefined given
    at ModuleMocker.spyOn (D:\Projects-In-Hand\helixcrm\apps\api\node_modules\jest-mock\build\index.js:583:13)
    at Object.&lt;anonymous&gt; (D:\Projects-In-Hand\helixcrm\apps\api\tests\unit\compliance\compliance-scheduler.service.spec.ts:49:30)
    at Promise.finally.completed (D:\Projects-In-Hand\helixcrm\apps\api\node_modules\jest-circus\build\jestAdapterInit.js:1557:28)
    at new Promise (&lt;anonymous&gt;)
    at callAsyncCircusFn (D:\Projects-In-Hand\helixcrm\apps\api\node_modules\jest-circus\build\jestAdapterInit.js:1497:10)
    at _callCircusTest (D:\Projects-In-Hand\helixcrm\apps\api\node_modules\jest-circus\build\jestAdapterInit.js:1007:40)
    at _runTest (D:\Projects-In-Hand\helixcrm\apps\api\node_modules\jest-circus\build\jestAdapterInit.js:947:3)
    at D:\Projects-In-Hand\helixcrm\apps\api\node_modules\jest-circus\build\jestAdapterInit.js:849:7
    at _runTestsForDescribeBlock (D:\Projects-In-Hand\helixcrm\apps\api\node_modules\jest-circus\build\jestAdapterInit.js:862:11)
    at _runTestsForDescribeBlock (D:\Projects-In-Hand\helixcrm\apps\api\node_modules\jest-circus\build\jestAdapterInit.js:857:11)
    at _runTestsForDescribeBlock (D:\Projects-In-Hand\helixcrm\apps\api\node_modules\jest-circus\build\jestAdapterInit.js:857:11)
    at run (D:\Projects-In-Hand\helixcrm\apps\api\node_modules\jest-circus\build\jestAdapterInit.js:761:3)
    at runAndTransformResultsToJestFormat (D:\Projects-In-Hand\helixcrm\apps\api\node_modules\jest-circus\build\jestAdapterInit.js:1918:21)
    at jestAdapter (D:\Projects-In-Hand\helixcrm\apps\api\node_modules\jest-circus\build\runner.js:101:19)
    at runTestInternal (D:\Projects-In-Hand\helixcrm\apps\api\node_modules\jest-runner\build\index.js:275:16)
    at runTest (D:\Projects-In-Hand\helixcrm\apps\api\node_modules\jest-runner\build\index.js:343:7)</failure>
    </testcase>
    <testcase classname="ComplianceSchedulerService onModuleDestroy should stop scheduled tasks on module destroy" name="ComplianceSchedulerService onModuleDestroy should stop scheduled tasks on module destroy" time="0.009">
      <failure>Error: Property `stopScheduledTasks` does not exist in the provided object
    at ModuleMocker.spyOn (D:\Projects-In-Hand\helixcrm\apps\api\node_modules\jest-mock\build\index.js:593:13)
    at Object.&lt;anonymous&gt; (D:\Projects-In-Hand\helixcrm\apps\api\tests\unit\compliance\compliance-scheduler.service.spec.ts:59:28)
    at Promise.finally.completed (D:\Projects-In-Hand\helixcrm\apps\api\node_modules\jest-circus\build\jestAdapterInit.js:1557:28)
    at new Promise (&lt;anonymous&gt;)
    at callAsyncCircusFn (D:\Projects-In-Hand\helixcrm\apps\api\node_modules\jest-circus\build\jestAdapterInit.js:1497:10)
    at _callCircusTest (D:\Projects-In-Hand\helixcrm\apps\api\node_modules\jest-circus\build\jestAdapterInit.js:1007:40)
    at _runTest (D:\Projects-In-Hand\helixcrm\apps\api\node_modules\jest-circus\build\jestAdapterInit.js:947:3)
    at D:\Projects-In-Hand\helixcrm\apps\api\node_modules\jest-circus\build\jestAdapterInit.js:849:7
    at _runTestsForDescribeBlock (D:\Projects-In-Hand\helixcrm\apps\api\node_modules\jest-circus\build\jestAdapterInit.js:862:11)
    at _runTestsForDescribeBlock (D:\Projects-In-Hand\helixcrm\apps\api\node_modules\jest-circus\build\jestAdapterInit.js:857:11)
    at _runTestsForDescribeBlock (D:\Projects-In-Hand\helixcrm\apps\api\node_modules\jest-circus\build\jestAdapterInit.js:857:11)
    at run (D:\Projects-In-Hand\helixcrm\apps\api\node_modules\jest-circus\build\jestAdapterInit.js:761:3)
    at runAndTransformResultsToJestFormat (D:\Projects-In-Hand\helixcrm\apps\api\node_modules\jest-circus\build\jestAdapterInit.js:1918:21)
    at jestAdapter (D:\Projects-In-Hand\helixcrm\apps\api\node_modules\jest-circus\build\runner.js:101:19)
    at runTestInternal (D:\Projects-In-Hand\helixcrm\apps\api\node_modules\jest-runner\build\index.js:275:16)
    at runTest (D:\Projects-In-Hand\helixcrm\apps\api\node_modules\jest-runner\build\index.js:343:7)</failure>
    </testcase>
    <testcase classname="ComplianceSchedulerService startScheduledTasks should set up daily and weekly intervals" name="ComplianceSchedulerService startScheduledTasks should set up daily and weekly intervals" time="0.007">
      <failure>TypeError: service.startScheduledTasks is not a function
    at Object.&lt;anonymous&gt; (D:\Projects-In-Hand\helixcrm\apps\api\tests\unit\compliance\compliance-scheduler.service.spec.ts:71:24)
    at Promise.finally.completed (D:\Projects-In-Hand\helixcrm\apps\api\node_modules\jest-circus\build\jestAdapterInit.js:1557:28)
    at new Promise (&lt;anonymous&gt;)
    at callAsyncCircusFn (D:\Projects-In-Hand\helixcrm\apps\api\node_modules\jest-circus\build\jestAdapterInit.js:1497:10)
    at _callCircusTest (D:\Projects-In-Hand\helixcrm\apps\api\node_modules\jest-circus\build\jestAdapterInit.js:1007:40)
    at _runTest (D:\Projects-In-Hand\helixcrm\apps\api\node_modules\jest-circus\build\jestAdapterInit.js:947:3)
    at D:\Projects-In-Hand\helixcrm\apps\api\node_modules\jest-circus\build\jestAdapterInit.js:849:7
    at _runTestsForDescribeBlock (D:\Projects-In-Hand\helixcrm\apps\api\node_modules\jest-circus\build\jestAdapterInit.js:862:11)
    at _runTestsForDescribeBlock (D:\Projects-In-Hand\helixcrm\apps\api\node_modules\jest-circus\build\jestAdapterInit.js:857:11)
    at _runTestsForDescribeBlock (D:\Projects-In-Hand\helixcrm\apps\api\node_modules\jest-circus\build\jestAdapterInit.js:857:11)
    at run (D:\Projects-In-Hand\helixcrm\apps\api\node_modules\jest-circus\build\jestAdapterInit.js:761:3)
    at runAndTransformResultsToJestFormat (D:\Projects-In-Hand\helixcrm\apps\api\node_modules\jest-circus\build\jestAdapterInit.js:1918:21)
    at jestAdapter (D:\Projects-In-Hand\helixcrm\apps\api\node_modules\jest-circus\build\runner.js:101:19)
    at runTestInternal (D:\Projects-In-Hand\helixcrm\apps\api\node_modules\jest-runner\build\index.js:275:16)
    at runTest (D:\Projects-In-Hand\helixcrm\apps\api\node_modules\jest-runner\build\index.js:343:7)</failure>
    </testcase>
    <testcase classname="ComplianceSchedulerService startScheduledTasks should schedule initial collection after 5 seconds" name="ComplianceSchedulerService startScheduledTasks should schedule initial collection after 5 seconds" time="0.004">
      <failure>TypeError: service.startScheduledTasks is not a function
    at Object.&lt;anonymous&gt; (D:\Projects-In-Hand\helixcrm\apps\api\tests\unit\compliance\compliance-scheduler.service.spec.ts:79:24)
    at Promise.finally.completed (D:\Projects-In-Hand\helixcrm\apps\api\node_modules\jest-circus\build\jestAdapterInit.js:1557:28)
    at new Promise (&lt;anonymous&gt;)
    at callAsyncCircusFn (D:\Projects-In-Hand\helixcrm\apps\api\node_modules\jest-circus\build\jestAdapterInit.js:1497:10)
    at _callCircusTest (D:\Projects-In-Hand\helixcrm\apps\api\node_modules\jest-circus\build\jestAdapterInit.js:1007:40)
    at _runTest (D:\Projects-In-Hand\helixcrm\apps\api\node_modules\jest-circus\build\jestAdapterInit.js:947:3)
    at D:\Projects-In-Hand\helixcrm\apps\api\node_modules\jest-circus\build\jestAdapterInit.js:849:7
    at _runTestsForDescribeBlock (D:\Projects-In-Hand\helixcrm\apps\api\node_modules\jest-circus\build\jestAdapterInit.js:862:11)
    at _runTestsForDescribeBlock (D:\Projects-In-Hand\helixcrm\apps\api\node_modules\jest-circus\build\jestAdapterInit.js:857:11)
    at _runTestsForDescribeBlock (D:\Projects-In-Hand\helixcrm\apps\api\node_modules\jest-circus\build\jestAdapterInit.js:857:11)
    at run (D:\Projects-In-Hand\helixcrm\apps\api\node_modules\jest-circus\build\jestAdapterInit.js:761:3)
    at runAndTransformResultsToJestFormat (D:\Projects-In-Hand\helixcrm\apps\api\node_modules\jest-circus\build\jestAdapterInit.js:1918:21)
    at jestAdapter (D:\Projects-In-Hand\helixcrm\apps\api\node_modules\jest-circus\build\runner.js:101:19)
    at runTestInternal (D:\Projects-In-Hand\helixcrm\apps\api\node_modules\jest-runner\build\index.js:275:16)
    at runTest (D:\Projects-In-Hand\helixcrm\apps\api\node_modules\jest-runner\build\index.js:343:7)</failure>
    </testcase>
    <testcase classname="ComplianceSchedulerService stopScheduledTasks should clear daily interval" name="ComplianceSchedulerService stopScheduledTasks should clear daily interval" time="0.004">
      <failure>TypeError: service.stopScheduledTasks is not a function
    at Object.&lt;anonymous&gt; (D:\Projects-In-Hand\helixcrm\apps\api\tests\unit\compliance\compliance-scheduler.service.spec.ts:90:24)
    at Promise.finally.completed (D:\Projects-In-Hand\helixcrm\apps\api\node_modules\jest-circus\build\jestAdapterInit.js:1557:28)
    at new Promise (&lt;anonymous&gt;)
    at callAsyncCircusFn (D:\Projects-In-Hand\helixcrm\apps\api\node_modules\jest-circus\build\jestAdapterInit.js:1497:10)
    at _callCircusTest (D:\Projects-In-Hand\helixcrm\apps\api\node_modules\jest-circus\build\jestAdapterInit.js:1007:40)
    at _runTest (D:\Projects-In-Hand\helixcrm\apps\api\node_modules\jest-circus\build\jestAdapterInit.js:947:3)
    at D:\Projects-In-Hand\helixcrm\apps\api\node_modules\jest-circus\build\jestAdapterInit.js:849:7
    at _runTestsForDescribeBlock (D:\Projects-In-Hand\helixcrm\apps\api\node_modules\jest-circus\build\jestAdapterInit.js:862:11)
    at _runTestsForDescribeBlock (D:\Projects-In-Hand\helixcrm\apps\api\node_modules\jest-circus\build\jestAdapterInit.js:857:11)
    at _runTestsForDescribeBlock (D:\Projects-In-Hand\helixcrm\apps\api\node_modules\jest-circus\build\jestAdapterInit.js:857:11)
    at run (D:\Projects-In-Hand\helixcrm\apps\api\node_modules\jest-circus\build\jestAdapterInit.js:761:3)
    at runAndTransformResultsToJestFormat (D:\Projects-In-Hand\helixcrm\apps\api\node_modules\jest-circus\build\jestAdapterInit.js:1918:21)
    at jestAdapter (D:\Projects-In-Hand\helixcrm\apps\api\node_modules\jest-circus\build\runner.js:101:19)
    at runTestInternal (D:\Projects-In-Hand\helixcrm\apps\api\node_modules\jest-runner\build\index.js:275:16)
    at runTest (D:\Projects-In-Hand\helixcrm\apps\api\node_modules\jest-runner\build\index.js:343:7)</failure>
    </testcase>
    <testcase classname="ComplianceSchedulerService stopScheduledTasks should clear weekly interval" name="ComplianceSchedulerService stopScheduledTasks should clear weekly interval" time="0.006">
      <failure>TypeError: service.stopScheduledTasks is not a function
    at Object.&lt;anonymous&gt; (D:\Projects-In-Hand\helixcrm\apps\api\tests\unit\compliance\compliance-scheduler.service.spec.ts:100:24)
    at Promise.finally.completed (D:\Projects-In-Hand\helixcrm\apps\api\node_modules\jest-circus\build\jestAdapterInit.js:1557:28)
    at new Promise (&lt;anonymous&gt;)
    at callAsyncCircusFn (D:\Projects-In-Hand\helixcrm\apps\api\node_modules\jest-circus\build\jestAdapterInit.js:1497:10)
    at _callCircusTest (D:\Projects-In-Hand\helixcrm\apps\api\node_modules\jest-circus\build\jestAdapterInit.js:1007:40)
    at _runTest (D:\Projects-In-Hand\helixcrm\apps\api\node_modules\jest-circus\build\jestAdapterInit.js:947:3)
    at D:\Projects-In-Hand\helixcrm\apps\api\node_modules\jest-circus\build\jestAdapterInit.js:849:7
    at _runTestsForDescribeBlock (D:\Projects-In-Hand\helixcrm\apps\api\node_modules\jest-circus\build\jestAdapterInit.js:862:11)
    at _runTestsForDescribeBlock (D:\Projects-In-Hand\helixcrm\apps\api\node_modules\jest-circus\build\jestAdapterInit.js:857:11)
    at _runTestsForDescribeBlock (D:\Projects-In-Hand\helixcrm\apps\api\node_modules\jest-circus\build\jestAdapterInit.js:857:11)
    at run (D:\Projects-In-Hand\helixcrm\apps\api\node_modules\jest-circus\build\jestAdapterInit.js:761:3)
    at runAndTransformResultsToJestFormat (D:\Projects-In-Hand\helixcrm\apps\api\node_modules\jest-circus\build\jestAdapterInit.js:1918:21)
    at jestAdapter (D:\Projects-In-Hand\helixcrm\apps\api\node_modules\jest-circus\build\runner.js:101:19)
    at runTestInternal (D:\Projects-In-Hand\helixcrm\apps\api\node_modules\jest-runner\build\index.js:275:16)
    at runTest (D:\Projects-In-Hand\helixcrm\apps\api\node_modules\jest-runner\build\index.js:343:7)</failure>
    </testcase>
    <testcase classname="ComplianceSchedulerService collectDailyEvidence should collect evidence and log success" name="ComplianceSchedulerService collectDailyEvidence should collect evidence and log success" time="0.006">
      <failure>Error: Cannot use spyOn on a primitive value; undefined given
    at ModuleMocker.spyOn (D:\Projects-In-Hand\helixcrm\apps\api\node_modules\jest-mock\build\index.js:583:13)
    at Object.&lt;anonymous&gt; (D:\Projects-In-Hand\helixcrm\apps\api\tests\unit\compliance\compliance-scheduler.service.spec.ts:111:30)
    at Promise.finally.completed (D:\Projects-In-Hand\helixcrm\apps\api\node_modules\jest-circus\build\jestAdapterInit.js:1557:28)
    at new Promise (&lt;anonymous&gt;)
    at callAsyncCircusFn (D:\Projects-In-Hand\helixcrm\apps\api\node_modules\jest-circus\build\jestAdapterInit.js:1497:10)
    at _callCircusTest (D:\Projects-In-Hand\helixcrm\apps\api\node_modules\jest-circus\build\jestAdapterInit.js:1007:40)
    at _runTest (D:\Projects-In-Hand\helixcrm\apps\api\node_modules\jest-circus\build\jestAdapterInit.js:947:3)
    at D:\Projects-In-Hand\helixcrm\apps\api\node_modules\jest-circus\build\jestAdapterInit.js:849:7
    at _runTestsForDescribeBlock (D:\Projects-In-Hand\helixcrm\apps\api\node_modules\jest-circus\build\jestAdapterInit.js:862:11)
    at _runTestsForDescribeBlock (D:\Projects-In-Hand\helixcrm\apps\api\node_modules\jest-circus\build\jestAdapterInit.js:857:11)
    at _runTestsForDescribeBlock (D:\Projects-In-Hand\helixcrm\apps\api\node_modules\jest-circus\build\jestAdapterInit.js:857:11)
    at run (D:\Projects-In-Hand\helixcrm\apps\api\node_modules\jest-circus\build\jestAdapterInit.js:761:3)
    at runAndTransformResultsToJestFormat (D:\Projects-In-Hand\helixcrm\apps\api\node_modules\jest-circus\build\jestAdapterInit.js:1918:21)
    at jestAdapter (D:\Projects-In-Hand\helixcrm\apps\api\node_modules\jest-circus\build\runner.js:101:19)
    at runTestInternal (D:\Projects-In-Hand\helixcrm\apps\api\node_modules\jest-runner\build\index.js:275:16)
    at runTest (D:\Projects-In-Hand\helixcrm\apps\api\node_modules\jest-runner\build\index.js:343:7)</failure>
    </testcase>
    <testcase classname="ComplianceSchedulerService collectDailyEvidence should handle errors during evidence collection" name="ComplianceSchedulerService collectDailyEvidence should handle errors during evidence collection" time="0.005">
      <failure>Error: Cannot use spyOn on a primitive value; undefined given
    at ModuleMocker.spyOn (D:\Projects-In-Hand\helixcrm\apps\api\node_modules\jest-mock\build\index.js:583:13)
    at Object.&lt;anonymous&gt; (D:\Projects-In-Hand\helixcrm\apps\api\tests\unit\compliance\compliance-scheduler.service.spec.ts:124:30)
    at Promise.finally.completed (D:\Projects-In-Hand\helixcrm\apps\api\node_modules\jest-circus\build\jestAdapterInit.js:1557:28)
    at new Promise (&lt;anonymous&gt;)
    at callAsyncCircusFn (D:\Projects-In-Hand\helixcrm\apps\api\node_modules\jest-circus\build\jestAdapterInit.js:1497:10)
    at _callCircusTest (D:\Projects-In-Hand\helixcrm\apps\api\node_modules\jest-circus\build\jestAdapterInit.js:1007:40)
    at _runTest (D:\Projects-In-Hand\helixcrm\apps\api\node_modules\jest-circus\build\jestAdapterInit.js:947:3)
    at D:\Projects-In-Hand\helixcrm\apps\api\node_modules\jest-circus\build\jestAdapterInit.js:849:7
    at _runTestsForDescribeBlock (D:\Projects-In-Hand\helixcrm\apps\api\node_modules\jest-circus\build\jestAdapterInit.js:862:11)
    at _runTestsForDescribeBlock (D:\Projects-In-Hand\helixcrm\apps\api\node_modules\jest-circus\build\jestAdapterInit.js:857:11)
    at _runTestsForDescribeBlock (D:\Projects-In-Hand\helixcrm\apps\api\node_modules\jest-circus\build\jestAdapterInit.js:857:11)
    at run (D:\Projects-In-Hand\helixcrm\apps\api\node_modules\jest-circus\build\jestAdapterInit.js:761:3)
    at runAndTransformResultsToJestFormat (D:\Projects-In-Hand\helixcrm\apps\api\node_modules\jest-circus\build\jestAdapterInit.js:1918:21)
    at jestAdapter (D:\Projects-In-Hand\helixcrm\apps\api\node_modules\jest-circus\build\runner.js:101:19)
    at runTestInternal (D:\Projects-In-Hand\helixcrm\apps\api\node_modules\jest-runner\build\index.js:275:16)
    at runTest (D:\Projects-In-Hand\helixcrm\apps\api\node_modules\jest-runner\build\index.js:343:7)</failure>
    </testcase>
    <testcase classname="ComplianceSchedulerService performWeeklyGapAnalysis should perform gap analysis and log results" name="ComplianceSchedulerService performWeeklyGapAnalysis should perform gap analysis and log results" time="0.005">
      <failure>Error: Cannot use spyOn on a primitive value; undefined given
    at ModuleMocker.spyOn (D:\Projects-In-Hand\helixcrm\apps\api\node_modules\jest-mock\build\index.js:583:13)
    at Object.&lt;anonymous&gt; (D:\Projects-In-Hand\helixcrm\apps\api\tests\unit\compliance\compliance-scheduler.service.spec.ts:145:30)
    at Promise.finally.completed (D:\Projects-In-Hand\helixcrm\apps\api\node_modules\jest-circus\build\jestAdapterInit.js:1557:28)
    at new Promise (&lt;anonymous&gt;)
    at callAsyncCircusFn (D:\Projects-In-Hand\helixcrm\apps\api\node_modules\jest-circus\build\jestAdapterInit.js:1497:10)
    at _callCircusTest (D:\Projects-In-Hand\helixcrm\apps\api\node_modules\jest-circus\build\jestAdapterInit.js:1007:40)
    at _runTest (D:\Projects-In-Hand\helixcrm\apps\api\node_modules\jest-circus\build\jestAdapterInit.js:947:3)
    at D:\Projects-In-Hand\helixcrm\apps\api\node_modules\jest-circus\build\jestAdapterInit.js:849:7
    at _runTestsForDescribeBlock (D:\Projects-In-Hand\helixcrm\apps\api\node_modules\jest-circus\build\jestAdapterInit.js:862:11)
    at _runTestsForDescribeBlock (D:\Projects-In-Hand\helixcrm\apps\api\node_modules\jest-circus\build\jestAdapterInit.js:857:11)
    at _runTestsForDescribeBlock (D:\Projects-In-Hand\helixcrm\apps\api\node_modules\jest-circus\build\jestAdapterInit.js:857:11)
    at run (D:\Projects-In-Hand\helixcrm\apps\api\node_modules\jest-circus\build\jestAdapterInit.js:761:3)
    at runAndTransformResultsToJestFormat (D:\Projects-In-Hand\helixcrm\apps\api\node_modules\jest-circus\build\jestAdapterInit.js:1918:21)
    at jestAdapter (D:\Projects-In-Hand\helixcrm\apps\api\node_modules\jest-circus\build\runner.js:101:19)
    at runTestInternal (D:\Projects-In-Hand\helixcrm\apps\api\node_modules\jest-runner\build\index.js:275:16)
    at runTest (D:\Projects-In-Hand\helixcrm\apps\api\node_modules\jest-runner\build\index.js:343:7)</failure>
    </testcase>
    <testcase classname="ComplianceSchedulerService performWeeklyGapAnalysis should warn if completion rate drops below 80%" name="ComplianceSchedulerService performWeeklyGapAnalysis should warn if completion rate drops below 80%" time="0.009">
      <failure>Error: Cannot use spyOn on a primitive value; undefined given
    at ModuleMocker.spyOn (D:\Projects-In-Hand\helixcrm\apps\api\node_modules\jest-mock\build\index.js:583:13)
    at Object.&lt;anonymous&gt; (D:\Projects-In-Hand\helixcrm\apps\api\tests\unit\compliance\compliance-scheduler.service.spec.ts:163:30)
    at Promise.finally.completed (D:\Projects-In-Hand\helixcrm\apps\api\node_modules\jest-circus\build\jestAdapterInit.js:1557:28)
    at new Promise (&lt;anonymous&gt;)
    at callAsyncCircusFn (D:\Projects-In-Hand\helixcrm\apps\api\node_modules\jest-circus\build\jestAdapterInit.js:1497:10)
    at _callCircusTest (D:\Projects-In-Hand\helixcrm\apps\api\node_modules\jest-circus\build\jestAdapterInit.js:1007:40)
    at _runTest (D:\Projects-In-Hand\helixcrm\apps\api\node_modules\jest-circus\build\jestAdapterInit.js:947:3)
    at D:\Projects-In-Hand\helixcrm\apps\api\node_modules\jest-circus\build\jestAdapterInit.js:849:7
    at _runTestsForDescribeBlock (D:\Projects-In-Hand\helixcrm\apps\api\node_modules\jest-circus\build\jestAdapterInit.js:862:11)
    at _runTestsForDescribeBlock (D:\Projects-In-Hand\helixcrm\apps\api\node_modules\jest-circus\build\jestAdapterInit.js:857:11)
    at _runTestsForDescribeBlock (D:\Projects-In-Hand\helixcrm\apps\api\node_modules\jest-circus\build\jestAdapterInit.js:857:11)
    at run (D:\Projects-In-Hand\helixcrm\apps\api\node_modules\jest-circus\build\jestAdapterInit.js:761:3)
    at runAndTransformResultsToJestFormat (D:\Projects-In-Hand\helixcrm\apps\api\node_modules\jest-circus\build\jestAdapterInit.js:1918:21)
    at jestAdapter (D:\Projects-In-Hand\helixcrm\apps\api\node_modules\jest-circus\build\runner.js:101:19)
    at runTestInternal (D:\Projects-In-Hand\helixcrm\apps\api\node_modules\jest-runner\build\index.js:275:16)
    at runTest (D:\Projects-In-Hand\helixcrm\apps\api\node_modules\jest-runner\build\index.js:343:7)</failure>
    </testcase>
    <testcase classname="ComplianceSchedulerService performWeeklyGapAnalysis should handle errors during gap analysis" name="ComplianceSchedulerService performWeeklyGapAnalysis should handle errors during gap analysis" time="0.005">
      <failure>Error: Cannot use spyOn on a primitive value; undefined given
    at ModuleMocker.spyOn (D:\Projects-In-Hand\helixcrm\apps\api\node_modules\jest-mock\build\index.js:583:13)
    at Object.&lt;anonymous&gt; (D:\Projects-In-Hand\helixcrm\apps\api\tests\unit\compliance\compliance-scheduler.service.spec.ts:175:30)
    at Promise.finally.completed (D:\Projects-In-Hand\helixcrm\apps\api\node_modules\jest-circus\build\jestAdapterInit.js:1557:28)
    at new Promise (&lt;anonymous&gt;)
    at callAsyncCircusFn (D:\Projects-In-Hand\helixcrm\apps\api\node_modules\jest-circus\build\jestAdapterInit.js:1497:10)
    at _callCircusTest (D:\Projects-In-Hand\helixcrm\apps\api\node_modules\jest-circus\build\jestAdapterInit.js:1007:40)
    at _runTest (D:\Projects-In-Hand\helixcrm\apps\api\node_modules\jest-circus\build\jestAdapterInit.js:947:3)
    at D:\Projects-In-Hand\helixcrm\apps\api\node_modules\jest-circus\build\jestAdapterInit.js:849:7
    at _runTestsForDescribeBlock (D:\Projects-In-Hand\helixcrm\apps\api\node_modules\jest-circus\build\jestAdapterInit.js:862:11)
    at _runTestsForDescribeBlock (D:\Projects-In-Hand\helixcrm\apps\api\node_modules\jest-circus\build\jestAdapterInit.js:857:11)
    at _runTestsForDescribeBlock (D:\Projects-In-Hand\helixcrm\apps\api\node_modules\jest-circus\build\jestAdapterInit.js:857:11)
    at run (D:\Projects-In-Hand\helixcrm\apps\api\node_modules\jest-circus\build\jestAdapterInit.js:761:3)
    at runAndTransformResultsToJestFormat (D:\Projects-In-Hand\helixcrm\apps\api\node_modules\jest-circus\build\jestAdapterInit.js:1918:21)
    at jestAdapter (D:\Projects-In-Hand\helixcrm\apps\api\node_modules\jest-circus\build\runner.js:101:19)
    at runTestInternal (D:\Projects-In-Hand\helixcrm\apps\api\node_modules\jest-runner\build\index.js:275:16)
    at runTest (D:\Projects-In-Hand\helixcrm\apps\api\node_modules\jest-runner\build\index.js:343:7)</failure>
    </testcase>
    <testcase classname="ComplianceSchedulerService triggerManualCollection should manually trigger collection and return success" name="ComplianceSchedulerService triggerManualCollection should manually trigger collection and return success" time="0.005">
      <failure>TypeError: service.triggerManualCollection is not a function
    at Object.&lt;anonymous&gt; (D:\Projects-In-Hand\helixcrm\apps\api\tests\unit\compliance\compliance-scheduler.service.spec.ts:191:36)
    at Promise.finally.completed (D:\Projects-In-Hand\helixcrm\apps\api\node_modules\jest-circus\build\jestAdapterInit.js:1557:28)
    at new Promise (&lt;anonymous&gt;)
    at callAsyncCircusFn (D:\Projects-In-Hand\helixcrm\apps\api\node_modules\jest-circus\build\jestAdapterInit.js:1497:10)
    at _callCircusTest (D:\Projects-In-Hand\helixcrm\apps\api\node_modules\jest-circus\build\jestAdapterInit.js:1007:40)
    at _runTest (D:\Projects-In-Hand\helixcrm\apps\api\node_modules\jest-circus\build\jestAdapterInit.js:947:3)
    at D:\Projects-In-Hand\helixcrm\apps\api\node_modules\jest-circus\build\jestAdapterInit.js:849:7
    at _runTestsForDescribeBlock (D:\Projects-In-Hand\helixcrm\apps\api\node_modules\jest-circus\build\jestAdapterInit.js:862:11)
    at _runTestsForDescribeBlock (D:\Projects-In-Hand\helixcrm\apps\api\node_modules\jest-circus\build\jestAdapterInit.js:857:11)
    at _runTestsForDescribeBlock (D:\Projects-In-Hand\helixcrm\apps\api\node_modules\jest-circus\build\jestAdapterInit.js:857:11)
    at run (D:\Projects-In-Hand\helixcrm\apps\api\node_modules\jest-circus\build\jestAdapterInit.js:761:3)
    at runAndTransformResultsToJestFormat (D:\Projects-In-Hand\helixcrm\apps\api\node_modules\jest-circus\build\jestAdapterInit.js:1918:21)
    at jestAdapter (D:\Projects-In-Hand\helixcrm\apps\api\node_modules\jest-circus\build\runner.js:101:19)
    at runTestInternal (D:\Projects-In-Hand\helixcrm\apps\api\node_modules\jest-runner\build\index.js:275:16)
    at runTest (D:\Projects-In-Hand\helixcrm\apps\api\node_modules\jest-runner\build\index.js:343:7)</failure>
    </testcase>
    <testcase classname="ComplianceSchedulerService triggerManualCollection should handle errors during manual collection" name="ComplianceSchedulerService triggerManualCollection should handle errors during manual collection" time="0.004">
      <failure>TypeError: service.triggerManualCollection is not a function
    at Object.&lt;anonymous&gt; (D:\Projects-In-Hand\helixcrm\apps\api\tests\unit\compliance\compliance-scheduler.service.spec.ts:204:36)
    at Promise.finally.completed (D:\Projects-In-Hand\helixcrm\apps\api\node_modules\jest-circus\build\jestAdapterInit.js:1557:28)
    at new Promise (&lt;anonymous&gt;)
    at callAsyncCircusFn (D:\Projects-In-Hand\helixcrm\apps\api\node_modules\jest-circus\build\jestAdapterInit.js:1497:10)
    at _callCircusTest (D:\Projects-In-Hand\helixcrm\apps\api\node_modules\jest-circus\build\jestAdapterInit.js:1007:40)
    at _runTest (D:\Projects-In-Hand\helixcrm\apps\api\node_modules\jest-circus\build\jestAdapterInit.js:947:3)
    at D:\Projects-In-Hand\helixcrm\apps\api\node_modules\jest-circus\build\jestAdapterInit.js:849:7
    at _runTestsForDescribeBlock (D:\Projects-In-Hand\helixcrm\apps\api\node_modules\jest-circus\build\jestAdapterInit.js:862:11)
    at _runTestsForDescribeBlock (D:\Projects-In-Hand\helixcrm\apps\api\node_modules\jest-circus\build\jestAdapterInit.js:857:11)
    at _runTestsForDescribeBlock (D:\Projects-In-Hand\helixcrm\apps\api\node_modules\jest-circus\build\jestAdapterInit.js:857:11)
    at run (D:\Projects-In-Hand\helixcrm\apps\api\node_modules\jest-circus\build\jestAdapterInit.js:761:3)
    at runAndTransformResultsToJestFormat (D:\Projects-In-Hand\helixcrm\apps\api\node_modules\jest-circus\build\jestAdapterInit.js:1918:21)
    at jestAdapter (D:\Projects-In-Hand\helixcrm\apps\api\node_modules\jest-circus\build\runner.js:101:19)
    at runTestInternal (D:\Projects-In-Hand\helixcrm\apps\api\node_modules\jest-runner\build\index.js:275:16)
    at runTest (D:\Projects-In-Hand\helixcrm\apps\api\node_modules\jest-runner\build\index.js:343:7)</failure>
    </testcase>
    <testcase classname="ComplianceSchedulerService triggerManualGapAnalysis should manually trigger gap analysis and return summary" name="ComplianceSchedulerService triggerManualGapAnalysis should manually trigger gap analysis and return summary" time="0.004">
      <failure>TypeError: service.triggerManualGapAnalysis is not a function
    at Object.&lt;anonymous&gt; (D:\Projects-In-Hand\helixcrm\apps\api\tests\unit\compliance\compliance-scheduler.service.spec.ts:222:36)
    at Promise.finally.completed (D:\Projects-In-Hand\helixcrm\apps\api\node_modules\jest-circus\build\jestAdapterInit.js:1557:28)
    at new Promise (&lt;anonymous&gt;)
    at callAsyncCircusFn (D:\Projects-In-Hand\helixcrm\apps\api\node_modules\jest-circus\build\jestAdapterInit.js:1497:10)
    at _callCircusTest (D:\Projects-In-Hand\helixcrm\apps\api\node_modules\jest-circus\build\jestAdapterInit.js:1007:40)
    at _runTest (D:\Projects-In-Hand\helixcrm\apps\api\node_modules\jest-circus\build\jestAdapterInit.js:947:3)
    at D:\Projects-In-Hand\helixcrm\apps\api\node_modules\jest-circus\build\jestAdapterInit.js:849:7
    at _runTestsForDescribeBlock (D:\Projects-In-Hand\helixcrm\apps\api\node_modules\jest-circus\build\jestAdapterInit.js:862:11)
    at _runTestsForDescribeBlock (D:\Projects-In-Hand\helixcrm\apps\api\node_modules\jest-circus\build\jestAdapterInit.js:857:11)
    at _runTestsForDescribeBlock (D:\Projects-In-Hand\helixcrm\apps\api\node_modules\jest-circus\build\jestAdapterInit.js:857:11)
    at run (D:\Projects-In-Hand\helixcrm\apps\api\node_modules\jest-circus\build\jestAdapterInit.js:761:3)
    at runAndTransformResultsToJestFormat (D:\Projects-In-Hand\helixcrm\apps\api\node_modules\jest-circus\build\jestAdapterInit.js:1918:21)
    at jestAdapter (D:\Projects-In-Hand\helixcrm\apps\api\node_modules\jest-circus\build\runner.js:101:19)
    at runTestInternal (D:\Projects-In-Hand\helixcrm\apps\api\node_modules\jest-runner\build\index.js:275:16)
    at runTest (D:\Projects-In-Hand\helixcrm\apps\api\node_modules\jest-runner\build\index.js:343:7)</failure>
    </testcase>
    <testcase classname="ComplianceSchedulerService triggerManualGapAnalysis should calculate overall risk correctly" name="ComplianceSchedulerService triggerManualGapAnalysis should calculate overall risk correctly" time="0.004">
      <failure>TypeError: service.triggerManualGapAnalysis is not a function
    at Object.&lt;anonymous&gt; (D:\Projects-In-Hand\helixcrm\apps\api\tests\unit\compliance\compliance-scheduler.service.spec.ts:241:36)
    at Promise.finally.completed (D:\Projects-In-Hand\helixcrm\apps\api\node_modules\jest-circus\build\jestAdapterInit.js:1557:28)
    at new Promise (&lt;anonymous&gt;)
    at callAsyncCircusFn (D:\Projects-In-Hand\helixcrm\apps\api\node_modules\jest-circus\build\jestAdapterInit.js:1497:10)
    at _callCircusTest (D:\Projects-In-Hand\helixcrm\apps\api\node_modules\jest-circus\build\jestAdapterInit.js:1007:40)
    at _runTest (D:\Projects-In-Hand\helixcrm\apps\api\node_modules\jest-circus\build\jestAdapterInit.js:947:3)
    at D:\Projects-In-Hand\helixcrm\apps\api\node_modules\jest-circus\build\jestAdapterInit.js:849:7
    at _runTestsForDescribeBlock (D:\Projects-In-Hand\helixcrm\apps\api\node_modules\jest-circus\build\jestAdapterInit.js:862:11)
    at _runTestsForDescribeBlock (D:\Projects-In-Hand\helixcrm\apps\api\node_modules\jest-circus\build\jestAdapterInit.js:857:11)
    at _runTestsForDescribeBlock (D:\Projects-In-Hand\helixcrm\apps\api\node_modules\jest-circus\build\jestAdapterInit.js:857:11)
    at run (D:\Projects-In-Hand\helixcrm\apps\api\node_modules\jest-circus\build\jestAdapterInit.js:761:3)
    at runAndTransformResultsToJestFormat (D:\Projects-In-Hand\helixcrm\apps\api\node_modules\jest-circus\build\jestAdapterInit.js:1918:21)
    at jestAdapter (D:\Projects-In-Hand\helixcrm\apps\api\node_modules\jest-circus\build\runner.js:101:19)
    at runTestInternal (D:\Projects-In-Hand\helixcrm\apps\api\node_modules\jest-runner\build\index.js:275:16)
    at runTest (D:\Projects-In-Hand\helixcrm\apps\api\node_modules\jest-runner\build\index.js:343:7)</failure>
    </testcase>
    <testcase classname="ComplianceSchedulerService triggerManualGapAnalysis should handle errors during manual gap analysis" name="ComplianceSchedulerService triggerManualGapAnalysis should handle errors during manual gap analysis" time="0.004">
      <failure>TypeError: service.triggerManualGapAnalysis is not a function
    at Object.&lt;anonymous&gt; (D:\Projects-In-Hand\helixcrm\apps\api\tests\unit\compliance\compliance-scheduler.service.spec.ts:250:36)
    at Promise.finally.completed (D:\Projects-In-Hand\helixcrm\apps\api\node_modules\jest-circus\build\jestAdapterInit.js:1557:28)
    at new Promise (&lt;anonymous&gt;)
    at callAsyncCircusFn (D:\Projects-In-Hand\helixcrm\apps\api\node_modules\jest-circus\build\jestAdapterInit.js:1497:10)
    at _callCircusTest (D:\Projects-In-Hand\helixcrm\apps\api\node_modules\jest-circus\build\jestAdapterInit.js:1007:40)
    at _runTest (D:\Projects-In-Hand\helixcrm\apps\api\node_modules\jest-circus\build\jestAdapterInit.js:947:3)
    at D:\Projects-In-Hand\helixcrm\apps\api\node_modules\jest-circus\build\jestAdapterInit.js:849:7
    at _runTestsForDescribeBlock (D:\Projects-In-Hand\helixcrm\apps\api\node_modules\jest-circus\build\jestAdapterInit.js:862:11)
    at _runTestsForDescribeBlock (D:\Projects-In-Hand\helixcrm\apps\api\node_modules\jest-circus\build\jestAdapterInit.js:857:11)
    at _runTestsForDescribeBlock (D:\Projects-In-Hand\helixcrm\apps\api\node_modules\jest-circus\build\jestAdapterInit.js:857:11)
    at run (D:\Projects-In-Hand\helixcrm\apps\api\node_modules\jest-circus\build\jestAdapterInit.js:761:3)
    at runAndTransformResultsToJestFormat (D:\Projects-In-Hand\helixcrm\apps\api\node_modules\jest-circus\build\jestAdapterInit.js:1918:21)
    at jestAdapter (D:\Projects-In-Hand\helixcrm\apps\api\node_modules\jest-circus\build\runner.js:101:19)
    at runTestInternal (D:\Projects-In-Hand\helixcrm\apps\api\node_modules\jest-runner\build\index.js:275:16)
    at runTest (D:\Projects-In-Hand\helixcrm\apps\api\node_modules\jest-runner\build\index.js:343:7)</failure>
    </testcase>
    <testcase classname="ComplianceSchedulerService triggerCleanup should trigger cleanup and return success" name="ComplianceSchedulerService triggerCleanup should trigger cleanup and return success" time="0.004">
      <failure>TypeError: service.triggerCleanup is not a function
    at Object.&lt;anonymous&gt; (D:\Projects-In-Hand\helixcrm\apps\api\tests\unit\compliance\compliance-scheduler.service.spec.ts:261:36)
    at Promise.finally.completed (D:\Projects-In-Hand\helixcrm\apps\api\node_modules\jest-circus\build\jestAdapterInit.js:1557:28)
    at new Promise (&lt;anonymous&gt;)
    at callAsyncCircusFn (D:\Projects-In-Hand\helixcrm\apps\api\node_modules\jest-circus\build\jestAdapterInit.js:1497:10)
    at _callCircusTest (D:\Projects-In-Hand\helixcrm\apps\api\node_modules\jest-circus\build\jestAdapterInit.js:1007:40)
    at _runTest (D:\Projects-In-Hand\helixcrm\apps\api\node_modules\jest-circus\build\jestAdapterInit.js:947:3)
    at D:\Projects-In-Hand\helixcrm\apps\api\node_modules\jest-circus\build\jestAdapterInit.js:849:7
    at _runTestsForDescribeBlock (D:\Projects-In-Hand\helixcrm\apps\api\node_modules\jest-circus\build\jestAdapterInit.js:862:11)
    at _runTestsForDescribeBlock (D:\Projects-In-Hand\helixcrm\apps\api\node_modules\jest-circus\build\jestAdapterInit.js:857:11)
    at _runTestsForDescribeBlock (D:\Projects-In-Hand\helixcrm\apps\api\node_modules\jest-circus\build\jestAdapterInit.js:857:11)
    at run (D:\Projects-In-Hand\helixcrm\apps\api\node_modules\jest-circus\build\jestAdapterInit.js:761:3)
    at runAndTransformResultsToJestFormat (D:\Projects-In-Hand\helixcrm\apps\api\node_modules\jest-circus\build\jestAdapterInit.js:1918:21)
    at jestAdapter (D:\Projects-In-Hand\helixcrm\apps\api\node_modules\jest-circus\build\runner.js:101:19)
    at runTestInternal (D:\Projects-In-Hand\helixcrm\apps\api\node_modules\jest-runner\build\index.js:275:16)
    at runTest (D:\Projects-In-Hand\helixcrm\apps\api\node_modules\jest-runner\build\index.js:343:7)</failure>
    </testcase>
    <testcase classname="ComplianceSchedulerService triggerCleanup should handle errors during cleanup" name="ComplianceSchedulerService triggerCleanup should handle errors during cleanup" time="0.004">
      <failure>TypeError: service.triggerCleanup is not a function
    at Object.&lt;anonymous&gt; (D:\Projects-In-Hand\helixcrm\apps\api\tests\unit\compliance\compliance-scheduler.service.spec.ts:271:36)
    at Promise.finally.completed (D:\Projects-In-Hand\helixcrm\apps\api\node_modules\jest-circus\build\jestAdapterInit.js:1557:28)
    at new Promise (&lt;anonymous&gt;)
    at callAsyncCircusFn (D:\Projects-In-Hand\helixcrm\apps\api\node_modules\jest-circus\build\jestAdapterInit.js:1497:10)
    at _callCircusTest (D:\Projects-In-Hand\helixcrm\apps\api\node_modules\jest-circus\build\jestAdapterInit.js:1007:40)
    at _runTest (D:\Projects-In-Hand\helixcrm\apps\api\node_modules\jest-circus\build\jestAdapterInit.js:947:3)
    at D:\Projects-In-Hand\helixcrm\apps\api\node_modules\jest-circus\build\jestAdapterInit.js:849:7
    at _runTestsForDescribeBlock (D:\Projects-In-Hand\helixcrm\apps\api\node_modules\jest-circus\build\jestAdapterInit.js:862:11)
    at _runTestsForDescribeBlock (D:\Projects-In-Hand\helixcrm\apps\api\node_modules\jest-circus\build\jestAdapterInit.js:857:11)
    at _runTestsForDescribeBlock (D:\Projects-In-Hand\helixcrm\apps\api\node_modules\jest-circus\build\jestAdapterInit.js:857:11)
    at run (D:\Projects-In-Hand\helixcrm\apps\api\node_modules\jest-circus\build\jestAdapterInit.js:761:3)
    at runAndTransformResultsToJestFormat (D:\Projects-In-Hand\helixcrm\apps\api\node_modules\jest-circus\build\jestAdapterInit.js:1918:21)
    at jestAdapter (D:\Projects-In-Hand\helixcrm\apps\api\node_modules\jest-circus\build\runner.js:101:19)
    at runTestInternal (D:\Projects-In-Hand\helixcrm\apps\api\node_modules\jest-runner\build\index.js:275:16)
    at runTest (D:\Projects-In-Hand\helixcrm\apps\api\node_modules\jest-runner\build\index.js:343:7)</failure>
    </testcase>
  </testsuite>
  <testsuite name="Soc2EvidenceService" errors="0" failures="22" skipped="0" timestamp="2026-03-10T09:40:45" time="0.798" tests="23">
    <testcase classname="Soc2EvidenceService should be defined" name="Soc2EvidenceService should be defined" time="0.004">
    </testcase>
    <testcase classname="Soc2EvidenceService collectAllEvidence should collect all evidence successfully" name="Soc2EvidenceService collectAllEvidence should collect all evidence successfully" time="0.005">
      <failure>Error: expect(received).toBeGreaterThan(expected)

Expected: &gt; 0
Received:   0
    at Object.&lt;anonymous&gt; (D:\Projects-In-Hand\helixcrm\apps\api\tests\unit\compliance\soc2-evidence.service.spec.ts:172:30)</failure>
    </testcase>
    <testcase classname="Soc2EvidenceService collectAllEvidence should handle errors during collection" name="Soc2EvidenceService collectAllEvidence should handle errors during collection" time="0.005">
      <failure>Error: expect(received).rejects.toThrow()

Received promise resolved instead of rejected
Resolved to value: []
    at expect (D:\Projects-In-Hand\helixcrm\apps\api\node_modules\expect\build\index.js:2116:15)
    at Object.&lt;anonymous&gt; (D:\Projects-In-Hand\helixcrm\apps\api\tests\unit\compliance\soc2-evidence.service.spec.ts:213:13)
    at Promise.finally.completed (D:\Projects-In-Hand\helixcrm\apps\api\node_modules\jest-circus\build\jestAdapterInit.js:1557:28)
    at new Promise (&lt;anonymous&gt;)
    at callAsyncCircusFn (D:\Projects-In-Hand\helixcrm\apps\api\node_modules\jest-circus\build\jestAdapterInit.js:1497:10)
    at _callCircusTest (D:\Projects-In-Hand\helixcrm\apps\api\node_modules\jest-circus\build\jestAdapterInit.js:1007:40)
    at _runTest (D:\Projects-In-Hand\helixcrm\apps\api\node_modules\jest-circus\build\jestAdapterInit.js:947:3)
    at D:\Projects-In-Hand\helixcrm\apps\api\node_modules\jest-circus\build\jestAdapterInit.js:849:7
    at _runTestsForDescribeBlock (D:\Projects-In-Hand\helixcrm\apps\api\node_modules\jest-circus\build\jestAdapterInit.js:862:11)
    at _runTestsForDescribeBlock (D:\Projects-In-Hand\helixcrm\apps\api\node_modules\jest-circus\build\jestAdapterInit.js:857:11)
    at _runTestsForDescribeBlock (D:\Projects-In-Hand\helixcrm\apps\api\node_modules\jest-circus\build\jestAdapterInit.js:857:11)
    at run (D:\Projects-In-Hand\helixcrm\apps\api\node_modules\jest-circus\build\jestAdapterInit.js:761:3)
    at runAndTransformResultsToJestFormat (D:\Projects-In-Hand\helixcrm\apps\api\node_modules\jest-circus\build\jestAdapterInit.js:1918:21)
    at jestAdapter (D:\Projects-In-Hand\helixcrm\apps\api\node_modules\jest-circus\build\runner.js:101:19)
    at runTestInternal (D:\Projects-In-Hand\helixcrm\apps\api\node_modules\jest-runner\build\index.js:275:16)
    at runTest (D:\Projects-In-Hand\helixcrm\apps\api\node_modules\jest-runner\build\index.js:343:7)</failure>
    </testcase>
    <testcase classname="Soc2EvidenceService collectAllEvidence should log collection start and completion" name="Soc2EvidenceService collectAllEvidence should log collection start and completion" time="0.003">
      <failure>Error: Cannot use spyOn on a primitive value; undefined given
    at ModuleMocker.spyOn (D:\Projects-In-Hand\helixcrm\apps\api\node_modules\jest-mock\build\index.js:583:13)
    at Object.&lt;anonymous&gt; (D:\Projects-In-Hand\helixcrm\apps\api\tests\unit\compliance\soc2-evidence.service.spec.ts:218:30)
    at Promise.finally.completed (D:\Projects-In-Hand\helixcrm\apps\api\node_modules\jest-circus\build\jestAdapterInit.js:1557:28)
    at new Promise (&lt;anonymous&gt;)
    at callAsyncCircusFn (D:\Projects-In-Hand\helixcrm\apps\api\node_modules\jest-circus\build\jestAdapterInit.js:1497:10)
    at _callCircusTest (D:\Projects-In-Hand\helixcrm\apps\api\node_modules\jest-circus\build\jestAdapterInit.js:1007:40)
    at _runTest (D:\Projects-In-Hand\helixcrm\apps\api\node_modules\jest-circus\build\jestAdapterInit.js:947:3)
    at D:\Projects-In-Hand\helixcrm\apps\api\node_modules\jest-circus\build\jestAdapterInit.js:849:7
    at _runTestsForDescribeBlock (D:\Projects-In-Hand\helixcrm\apps\api\node_modules\jest-circus\build\jestAdapterInit.js:862:11)
    at _runTestsForDescribeBlock (D:\Projects-In-Hand\helixcrm\apps\api\node_modules\jest-circus\build\jestAdapterInit.js:857:11)
    at _runTestsForDescribeBlock (D:\Projects-In-Hand\helixcrm\apps\api\node_modules\jest-circus\build\jestAdapterInit.js:857:11)
    at run (D:\Projects-In-Hand\helixcrm\apps\api\node_modules\jest-circus\build\jestAdapterInit.js:761:3)
    at runAndTransformResultsToJestFormat (D:\Projects-In-Hand\helixcrm\apps\api\node_modules\jest-circus\build\jestAdapterInit.js:1918:21)
    at jestAdapter (D:\Projects-In-Hand\helixcrm\apps\api\node_modules\jest-circus\build\runner.js:101:19)
    at runTestInternal (D:\Projects-In-Hand\helixcrm\apps\api\node_modules\jest-runner\build\index.js:275:16)
    at runTest (D:\Projects-In-Hand\helixcrm\apps\api\node_modules\jest-runner\build\index.js:343:7)</failure>
    </testcase>
    <testcase classname="Soc2EvidenceService collectAllEvidence should create evidence directory if it does not exist" name="Soc2EvidenceService collectAllEvidence should create evidence directory if it does not exist" time="0.006">
      <failure>Error: expect(jest.fn()).toHaveBeenCalledWith(...expected)

Expected: Any&lt;String&gt;, {&quot;recursive&quot;: true}

Number of calls: 0
    at Object.&lt;anonymous&gt; (D:\Projects-In-Hand\helixcrm\apps\api\tests\unit\compliance\soc2-evidence.service.spec.ts:242:28)</failure>
    </testcase>
    <testcase classname="Soc2EvidenceService collectSecurityEvidence should collect CC6.1 evidence" name="Soc2EvidenceService collectSecurityEvidence should collect CC6.1 evidence" time="0.003">
      <failure>TypeError: Cannot read properties of undefined (reading &apos;controlId&apos;)
    at Object.&lt;anonymous&gt; (D:\Projects-In-Hand\helixcrm\apps\api\tests\unit\compliance\soc2-evidence.service.spec.ts:259:25)</failure>
    </testcase>
    <testcase classname="Soc2EvidenceService collectSecurityEvidence should collect CC6.2 evidence" name="Soc2EvidenceService collectSecurityEvidence should collect CC6.2 evidence" time="0.002">
      <failure>Error: expect(received).toBeDefined()

Received: undefined
    at Object.&lt;anonymous&gt; (D:\Projects-In-Hand\helixcrm\apps\api\tests\unit\compliance\soc2-evidence.service.spec.ts:274:26)</failure>
    </testcase>
    <testcase classname="Soc2EvidenceService collectSecurityEvidence should collect CC6.6 evidence" name="Soc2EvidenceService collectSecurityEvidence should collect CC6.6 evidence" time="0.003">
      <failure>Error: expect(received).toBeDefined()

Received: undefined
    at Object.&lt;anonymous&gt; (D:\Projects-In-Hand\helixcrm\apps\api\tests\unit\compliance\soc2-evidence.service.spec.ts:290:26)</failure>
    </testcase>
    <testcase classname="Soc2EvidenceService collectAvailabilityEvidence should collect A1.1 evidence" name="Soc2EvidenceService collectAvailabilityEvidence should collect A1.1 evidence" time="0.003">
      <failure>TypeError: service.collectAvailabilityEvidence is not a function
    at Object.&lt;anonymous&gt; (D:\Projects-In-Hand\helixcrm\apps\api\tests\unit\compliance\soc2-evidence.service.spec.ts:303:46)
    at Promise.finally.completed (D:\Projects-In-Hand\helixcrm\apps\api\node_modules\jest-circus\build\jestAdapterInit.js:1557:28)
    at new Promise (&lt;anonymous&gt;)
    at callAsyncCircusFn (D:\Projects-In-Hand\helixcrm\apps\api\node_modules\jest-circus\build\jestAdapterInit.js:1497:10)
    at _callCircusTest (D:\Projects-In-Hand\helixcrm\apps\api\node_modules\jest-circus\build\jestAdapterInit.js:1007:40)
    at _runTest (D:\Projects-In-Hand\helixcrm\apps\api\node_modules\jest-circus\build\jestAdapterInit.js:947:3)
    at D:\Projects-In-Hand\helixcrm\apps\api\node_modules\jest-circus\build\jestAdapterInit.js:849:7
    at _runTestsForDescribeBlock (D:\Projects-In-Hand\helixcrm\apps\api\node_modules\jest-circus\build\jestAdapterInit.js:862:11)
    at _runTestsForDescribeBlock (D:\Projects-In-Hand\helixcrm\apps\api\node_modules\jest-circus\build\jestAdapterInit.js:857:11)
    at _runTestsForDescribeBlock (D:\Projects-In-Hand\helixcrm\apps\api\node_modules\jest-circus\build\jestAdapterInit.js:857:11)
    at run (D:\Projects-In-Hand\helixcrm\apps\api\node_modules\jest-circus\build\jestAdapterInit.js:761:3)
    at runAndTransformResultsToJestFormat (D:\Projects-In-Hand\helixcrm\apps\api\node_modules\jest-circus\build\jestAdapterInit.js:1918:21)
    at jestAdapter (D:\Projects-In-Hand\helixcrm\apps\api\node_modules\jest-circus\build\runner.js:101:19)
    at runTestInternal (D:\Projects-In-Hand\helixcrm\apps\api\node_modules\jest-runner\build\index.js:275:16)
    at runTest (D:\Projects-In-Hand\helixcrm\apps\api\node_modules\jest-runner\build\index.js:343:7)</failure>
    </testcase>
    <testcase classname="Soc2EvidenceService collectAvailabilityEvidence should collect A1.2 evidence" name="Soc2EvidenceService collectAvailabilityEvidence should collect A1.2 evidence" time="0.002">
      <failure>TypeError: service.collectAvailabilityEvidence is not a function
    at Object.&lt;anonymous&gt; (D:\Projects-In-Hand\helixcrm\apps\api\tests\unit\compliance\soc2-evidence.service.spec.ts:318:46)
    at Promise.finally.completed (D:\Projects-In-Hand\helixcrm\apps\api\node_modules\jest-circus\build\jestAdapterInit.js:1557:28)
    at new Promise (&lt;anonymous&gt;)
    at callAsyncCircusFn (D:\Projects-In-Hand\helixcrm\apps\api\node_modules\jest-circus\build\jestAdapterInit.js:1497:10)
    at _callCircusTest (D:\Projects-In-Hand\helixcrm\apps\api\node_modules\jest-circus\build\jestAdapterInit.js:1007:40)
    at _runTest (D:\Projects-In-Hand\helixcrm\apps\api\node_modules\jest-circus\build\jestAdapterInit.js:947:3)
    at D:\Projects-In-Hand\helixcrm\apps\api\node_modules\jest-circus\build\jestAdapterInit.js:849:7
    at _runTestsForDescribeBlock (D:\Projects-In-Hand\helixcrm\apps\api\node_modules\jest-circus\build\jestAdapterInit.js:862:11)
    at _runTestsForDescribeBlock (D:\Projects-In-Hand\helixcrm\apps\api\node_modules\jest-circus\build\jestAdapterInit.js:857:11)
    at _runTestsForDescribeBlock (D:\Projects-In-Hand\helixcrm\apps\api\node_modules\jest-circus\build\jestAdapterInit.js:857:11)
    at run (D:\Projects-In-Hand\helixcrm\apps\api\node_modules\jest-circus\build\jestAdapterInit.js:761:3)
    at runAndTransformResultsToJestFormat (D:\Projects-In-Hand\helixcrm\apps\api\node_modules\jest-circus\build\jestAdapterInit.js:1918:21)
    at jestAdapter (D:\Projects-In-Hand\helixcrm\apps\api\node_modules\jest-circus\build\runner.js:101:19)
    at runTestInternal (D:\Projects-In-Hand\helixcrm\apps\api\node_modules\jest-runner\build\index.js:275:16)
    at runTest (D:\Projects-In-Hand\helixcrm\apps\api\node_modules\jest-runner\build\index.js:343:7)</failure>
    </testcase>
    <testcase classname="Soc2EvidenceService collectAvailabilityEvidence should handle missing performance results directory" name="Soc2EvidenceService collectAvailabilityEvidence should handle missing performance results directory" time="0.008">
      <failure>TypeError: service.collectAvailabilityEvidence is not a function
    at Object.&lt;anonymous&gt; (D:\Projects-In-Hand\helixcrm\apps\api\tests\unit\compliance\soc2-evidence.service.spec.ts:333:46)
    at Promise.finally.completed (D:\Projects-In-Hand\helixcrm\apps\api\node_modules\jest-circus\build\jestAdapterInit.js:1557:28)
    at new Promise (&lt;anonymous&gt;)
    at callAsyncCircusFn (D:\Projects-In-Hand\helixcrm\apps\api\node_modules\jest-circus\build\jestAdapterInit.js:1497:10)
    at _callCircusTest (D:\Projects-In-Hand\helixcrm\apps\api\node_modules\jest-circus\build\jestAdapterInit.js:1007:40)
    at _runTest (D:\Projects-In-Hand\helixcrm\apps\api\node_modules\jest-circus\build\jestAdapterInit.js:947:3)
    at D:\Projects-In-Hand\helixcrm\apps\api\node_modules\jest-circus\build\jestAdapterInit.js:849:7
    at _runTestsForDescribeBlock (D:\Projects-In-Hand\helixcrm\apps\api\node_modules\jest-circus\build\jestAdapterInit.js:862:11)
    at _runTestsForDescribeBlock (D:\Projects-In-Hand\helixcrm\apps\api\node_modules\jest-circus\build\jestAdapterInit.js:857:11)
    at _runTestsForDescribeBlock (D:\Projects-In-Hand\helixcrm\apps\api\node_modules\jest-circus\build\jestAdapterInit.js:857:11)
    at run (D:\Projects-In-Hand\helixcrm\apps\api\node_modules\jest-circus\build\jestAdapterInit.js:761:3)
    at runAndTransformResultsToJestFormat (D:\Projects-In-Hand\helixcrm\apps\api\node_modules\jest-circus\build\jestAdapterInit.js:1918:21)
    at jestAdapter (D:\Projects-In-Hand\helixcrm\apps\api\node_modules\jest-circus\build\runner.js:101:19)
    at runTestInternal (D:\Projects-In-Hand\helixcrm\apps\api\node_modules\jest-runner\build\index.js:275:16)
    at runTest (D:\Projects-In-Hand\helixcrm\apps\api\node_modules\jest-runner\build\index.js:343:7)</failure>
    </testcase>
    <testcase classname="Soc2EvidenceService collectConfidentialityEvidence should collect C1.1 evidence" name="Soc2EvidenceService collectConfidentialityEvidence should collect C1.1 evidence" time="0.003">
      <failure>TypeError: service.collectConfidentialityEvidence is not a function
    at Object.&lt;anonymous&gt; (D:\Projects-In-Hand\helixcrm\apps\api\tests\unit\compliance\soc2-evidence.service.spec.ts:351:46)
    at Promise.finally.completed (D:\Projects-In-Hand\helixcrm\apps\api\node_modules\jest-circus\build\jestAdapterInit.js:1557:28)
    at new Promise (&lt;anonymous&gt;)
    at callAsyncCircusFn (D:\Projects-In-Hand\helixcrm\apps\api\node_modules\jest-circus\build\jestAdapterInit.js:1497:10)
    at _callCircusTest (D:\Projects-In-Hand\helixcrm\apps\api\node_modules\jest-circus\build\jestAdapterInit.js:1007:40)
    at _runTest (D:\Projects-In-Hand\helixcrm\apps\api\node_modules\jest-circus\build\jestAdapterInit.js:947:3)
    at D:\Projects-In-Hand\helixcrm\apps\api\node_modules\jest-circus\build\jestAdapterInit.js:849:7
    at _runTestsForDescribeBlock (D:\Projects-In-Hand\helixcrm\apps\api\node_modules\jest-circus\build\jestAdapterInit.js:862:11)
    at _runTestsForDescribeBlock (D:\Projects-In-Hand\helixcrm\apps\api\node_modules\jest-circus\build\jestAdapterInit.js:857:11)
    at _runTestsForDescribeBlock (D:\Projects-In-Hand\helixcrm\apps\api\node_modules\jest-circus\build\jestAdapterInit.js:857:11)
    at run (D:\Projects-In-Hand\helixcrm\apps\api\node_modules\jest-circus\build\jestAdapterInit.js:761:3)
    at runAndTransformResultsToJestFormat (D:\Projects-In-Hand\helixcrm\apps\api\node_modules\jest-circus\build\jestAdapterInit.js:1918:21)
    at jestAdapter (D:\Projects-In-Hand\helixcrm\apps\api\node_modules\jest-circus\build\runner.js:101:19)
    at runTestInternal (D:\Projects-In-Hand\helixcrm\apps\api\node_modules\jest-runner\build\index.js:275:16)
    at runTest (D:\Projects-In-Hand\helixcrm\apps\api\node_modules\jest-runner\build\index.js:343:7)</failure>
    </testcase>
    <testcase classname="Soc2EvidenceService collectProcessingIntegrityEvidence should collect PI1.1 evidence" name="Soc2EvidenceService collectProcessingIntegrityEvidence should collect PI1.1 evidence" time="0.002">
      <failure>TypeError: service.collectProcessingIntegrityEvidence is not a function
    at Object.&lt;anonymous&gt; (D:\Projects-In-Hand\helixcrm\apps\api\tests\unit\compliance\soc2-evidence.service.spec.ts:371:46)
    at Promise.finally.completed (D:\Projects-In-Hand\helixcrm\apps\api\node_modules\jest-circus\build\jestAdapterInit.js:1557:28)
    at new Promise (&lt;anonymous&gt;)
    at callAsyncCircusFn (D:\Projects-In-Hand\helixcrm\apps\api\node_modules\jest-circus\build\jestAdapterInit.js:1497:10)
    at _callCircusTest (D:\Projects-In-Hand\helixcrm\apps\api\node_modules\jest-circus\build\jestAdapterInit.js:1007:40)
    at _runTest (D:\Projects-In-Hand\helixcrm\apps\api\node_modules\jest-circus\build\jestAdapterInit.js:947:3)
    at D:\Projects-In-Hand\helixcrm\apps\api\node_modules\jest-circus\build\jestAdapterInit.js:849:7
    at _runTestsForDescribeBlock (D:\Projects-In-Hand\helixcrm\apps\api\node_modules\jest-circus\build\jestAdapterInit.js:862:11)
    at _runTestsForDescribeBlock (D:\Projects-In-Hand\helixcrm\apps\api\node_modules\jest-circus\build\jestAdapterInit.js:857:11)
    at _runTestsForDescribeBlock (D:\Projects-In-Hand\helixcrm\apps\api\node_modules\jest-circus\build\jestAdapterInit.js:857:11)
    at run (D:\Projects-In-Hand\helixcrm\apps\api\node_modules\jest-circus\build\jestAdapterInit.js:761:3)
    at runAndTransformResultsToJestFormat (D:\Projects-In-Hand\helixcrm\apps\api\node_modules\jest-circus\build\jestAdapterInit.js:1918:21)
    at jestAdapter (D:\Projects-In-Hand\helixcrm\apps\api\node_modules\jest-circus\build\runner.js:101:19)
    at runTestInternal (D:\Projects-In-Hand\helixcrm\apps\api\node_modules\jest-runner\build\index.js:275:16)
    at runTest (D:\Projects-In-Hand\helixcrm\apps\api\node_modules\jest-runner\build\index.js:343:7)</failure>
    </testcase>
    <testcase classname="Soc2EvidenceService collectPrivacyEvidence should collect P1.1 evidence" name="Soc2EvidenceService collectPrivacyEvidence should collect P1.1 evidence" time="0.002">
      <failure>TypeError: service.collectPrivacyEvidence is not a function
    at Object.&lt;anonymous&gt; (D:\Projects-In-Hand\helixcrm\apps\api\tests\unit\compliance\soc2-evidence.service.spec.ts:388:46)
    at Promise.finally.completed (D:\Projects-In-Hand\helixcrm\apps\api\node_modules\jest-circus\build\jestAdapterInit.js:1557:28)
    at new Promise (&lt;anonymous&gt;)
    at callAsyncCircusFn (D:\Projects-In-Hand\helixcrm\apps\api\node_modules\jest-circus\build\jestAdapterInit.js:1497:10)
    at _callCircusTest (D:\Projects-In-Hand\helixcrm\apps\api\node_modules\jest-circus\build\jestAdapterInit.js:1007:40)
    at _runTest (D:\Projects-In-Hand\helixcrm\apps\api\node_modules\jest-circus\build\jestAdapterInit.js:947:3)
    at D:\Projects-In-Hand\helixcrm\apps\api\node_modules\jest-circus\build\jestAdapterInit.js:849:7
    at _runTestsForDescribeBlock (D:\Projects-In-Hand\helixcrm\apps\api\node_modules\jest-circus\build\jestAdapterInit.js:862:11)
    at _runTestsForDescribeBlock (D:\Projects-In-Hand\helixcrm\apps\api\node_modules\jest-circus\build\jestAdapterInit.js:857:11)
    at _runTestsForDescribeBlock (D:\Projects-In-Hand\helixcrm\apps\api\node_modules\jest-circus\build\jestAdapterInit.js:857:11)
    at run (D:\Projects-In-Hand\helixcrm\apps\api\node_modules\jest-circus\build\jestAdapterInit.js:761:3)
    at runAndTransformResultsToJestFormat (D:\Projects-In-Hand\helixcrm\apps\api\node_modules\jest-circus\build\jestAdapterInit.js:1918:21)
    at jestAdapter (D:\Projects-In-Hand\helixcrm\apps\api\node_modules\jest-circus\build\runner.js:101:19)
    at runTestInternal (D:\Projects-In-Hand\helixcrm\apps\api\node_modules\jest-runner\build\index.js:275:16)
    at runTest (D:\Projects-In-Hand\helixcrm\apps\api\node_modules\jest-runner\build\index.js:343:7)</failure>
    </testcase>
    <testcase classname="Soc2EvidenceService storeEvidence should store evidence to file system" name="Soc2EvidenceService storeEvidence should store evidence to file system" time="0.002">
      <failure>TypeError: service.storeEvidence is not a function
    at Object.&lt;anonymous&gt; (D:\Projects-In-Hand\helixcrm\apps\api\tests\unit\compliance\soc2-evidence.service.spec.ts:405:30)
    at Promise.finally.completed (D:\Projects-In-Hand\helixcrm\apps\api\node_modules\jest-circus\build\jestAdapterInit.js:1557:28)
    at new Promise (&lt;anonymous&gt;)
    at callAsyncCircusFn (D:\Projects-In-Hand\helixcrm\apps\api\node_modules\jest-circus\build\jestAdapterInit.js:1497:10)
    at _callCircusTest (D:\Projects-In-Hand\helixcrm\apps\api\node_modules\jest-circus\build\jestAdapterInit.js:1007:40)
    at _runTest (D:\Projects-In-Hand\helixcrm\apps\api\node_modules\jest-circus\build\jestAdapterInit.js:947:3)
    at D:\Projects-In-Hand\helixcrm\apps\api\node_modules\jest-circus\build\jestAdapterInit.js:849:7
    at _runTestsForDescribeBlock (D:\Projects-In-Hand\helixcrm\apps\api\node_modules\jest-circus\build\jestAdapterInit.js:862:11)
    at _runTestsForDescribeBlock (D:\Projects-In-Hand\helixcrm\apps\api\node_modules\jest-circus\build\jestAdapterInit.js:857:11)
    at _runTestsForDescribeBlock (D:\Projects-In-Hand\helixcrm\apps\api\node_modules\jest-circus\build\jestAdapterInit.js:857:11)
    at run (D:\Projects-In-Hand\helixcrm\apps\api\node_modules\jest-circus\build\jestAdapterInit.js:761:3)
    at runAndTransformResultsToJestFormat (D:\Projects-In-Hand\helixcrm\apps\api\node_modules\jest-circus\build\jestAdapterInit.js:1918:21)
    at jestAdapter (D:\Projects-In-Hand\helixcrm\apps\api\node_modules\jest-circus\build\runner.js:101:19)
    at runTestInternal (D:\Projects-In-Hand\helixcrm\apps\api\node_modules\jest-runner\build\index.js:275:16)
    at runTest (D:\Projects-In-Hand\helixcrm\apps\api\node_modules\jest-runner\build\index.js:343:7)</failure>
    </testcase>
    <testcase classname="Soc2EvidenceService storeEvidence should generate correct evidence package structure" name="Soc2EvidenceService storeEvidence should generate correct evidence package structure" time="0.007">
      <failure>TypeError: service.storeEvidence is not a function
    at Object.&lt;anonymous&gt; (D:\Projects-In-Hand\helixcrm\apps\api\tests\unit\compliance\soc2-evidence.service.spec.ts:422:30)
    at Promise.finally.completed (D:\Projects-In-Hand\helixcrm\apps\api\node_modules\jest-circus\build\jestAdapterInit.js:1557:28)
    at new Promise (&lt;anonymous&gt;)
    at callAsyncCircusFn (D:\Projects-In-Hand\helixcrm\apps\api\node_modules\jest-circus\build\jestAdapterInit.js:1497:10)
    at _callCircusTest (D:\Projects-In-Hand\helixcrm\apps\api\node_modules\jest-circus\build\jestAdapterInit.js:1007:40)
    at _runTest (D:\Projects-In-Hand\helixcrm\apps\api\node_modules\jest-circus\build\jestAdapterInit.js:947:3)
    at D:\Projects-In-Hand\helixcrm\apps\api\node_modules\jest-circus\build\jestAdapterInit.js:849:7
    at _runTestsForDescribeBlock (D:\Projects-In-Hand\helixcrm\apps\api\node_modules\jest-circus\build\jestAdapterInit.js:862:11)
    at _runTestsForDescribeBlock (D:\Projects-In-Hand\helixcrm\apps\api\node_modules\jest-circus\build\jestAdapterInit.js:857:11)
    at _runTestsForDescribeBlock (D:\Projects-In-Hand\helixcrm\apps\api\node_modules\jest-circus\build\jestAdapterInit.js:857:11)
    at run (D:\Projects-In-Hand\helixcrm\apps\api\node_modules\jest-circus\build\jestAdapterInit.js:761:3)
    at runAndTransformResultsToJestFormat (D:\Projects-In-Hand\helixcrm\apps\api\node_modules\jest-circus\build\jestAdapterInit.js:1918:21)
    at jestAdapter (D:\Projects-In-Hand\helixcrm\apps\api\node_modules\jest-circus\build\runner.js:101:19)
    at runTestInternal (D:\Projects-In-Hand\helixcrm\apps\api\node_modules\jest-runner\build\index.js:275:16)
    at runTest (D:\Projects-In-Hand\helixcrm\apps\api\node_modules\jest-runner\build\index.js:343:7)</failure>
    </testcase>
    <testcase classname="Soc2EvidenceService getCollectionHistory should return collection history" name="Soc2EvidenceService getCollectionHistory should return collection history" time="0.003">
      <failure>TypeError: service.getCollectionHistory is not a function
    at Object.&lt;anonymous&gt; (D:\Projects-In-Hand\helixcrm\apps\api\tests\unit\compliance\soc2-evidence.service.spec.ts:453:36)
    at Promise.finally.completed (D:\Projects-In-Hand\helixcrm\apps\api\node_modules\jest-circus\build\jestAdapterInit.js:1557:28)
    at new Promise (&lt;anonymous&gt;)
    at callAsyncCircusFn (D:\Projects-In-Hand\helixcrm\apps\api\node_modules\jest-circus\build\jestAdapterInit.js:1497:10)
    at _callCircusTest (D:\Projects-In-Hand\helixcrm\apps\api\node_modules\jest-circus\build\jestAdapterInit.js:1007:40)
    at _runTest (D:\Projects-In-Hand\helixcrm\apps\api\node_modules\jest-circus\build\jestAdapterInit.js:947:3)
    at D:\Projects-In-Hand\helixcrm\apps\api\node_modules\jest-circus\build\jestAdapterInit.js:849:7
    at _runTestsForDescribeBlock (D:\Projects-In-Hand\helixcrm\apps\api\node_modules\jest-circus\build\jestAdapterInit.js:862:11)
    at _runTestsForDescribeBlock (D:\Projects-In-Hand\helixcrm\apps\api\node_modules\jest-circus\build\jestAdapterInit.js:857:11)
    at _runTestsForDescribeBlock (D:\Projects-In-Hand\helixcrm\apps\api\node_modules\jest-circus\build\jestAdapterInit.js:857:11)
    at run (D:\Projects-In-Hand\helixcrm\apps\api\node_modules\jest-circus\build\jestAdapterInit.js:761:3)
    at runAndTransformResultsToJestFormat (D:\Projects-In-Hand\helixcrm\apps\api\node_modules\jest-circus\build\jestAdapterInit.js:1918:21)
    at jestAdapter (D:\Projects-In-Hand\helixcrm\apps\api\node_modules\jest-circus\build\runner.js:101:19)
    at runTestInternal (D:\Projects-In-Hand\helixcrm\apps\api\node_modules\jest-runner\build\index.js:275:16)
    at runTest (D:\Projects-In-Hand\helixcrm\apps\api\node_modules\jest-runner\build\index.js:343:7)</failure>
    </testcase>
    <testcase classname="Soc2EvidenceService getCollectionHistory should use default limit of 10" name="Soc2EvidenceService getCollectionHistory should use default limit of 10" time="0.003">
      <failure>TypeError: service.getCollectionHistory is not a function
    at Object.&lt;anonymous&gt; (D:\Projects-In-Hand\helixcrm\apps\api\tests\unit\compliance\soc2-evidence.service.spec.ts:464:21)
    at Promise.finally.completed (D:\Projects-In-Hand\helixcrm\apps\api\node_modules\jest-circus\build\jestAdapterInit.js:1557:28)
    at new Promise (&lt;anonymous&gt;)
    at callAsyncCircusFn (D:\Projects-In-Hand\helixcrm\apps\api\node_modules\jest-circus\build\jestAdapterInit.js:1497:10)
    at _callCircusTest (D:\Projects-In-Hand\helixcrm\apps\api\node_modules\jest-circus\build\jestAdapterInit.js:1007:40)
    at _runTest (D:\Projects-In-Hand\helixcrm\apps\api\node_modules\jest-circus\build\jestAdapterInit.js:947:3)
    at D:\Projects-In-Hand\helixcrm\apps\api\node_modules\jest-circus\build\jestAdapterInit.js:849:7
    at _runTestsForDescribeBlock (D:\Projects-In-Hand\helixcrm\apps\api\node_modules\jest-circus\build\jestAdapterInit.js:862:11)
    at _runTestsForDescribeBlock (D:\Projects-In-Hand\helixcrm\apps\api\node_modules\jest-circus\build\jestAdapterInit.js:857:11)
    at _runTestsForDescribeBlock (D:\Projects-In-Hand\helixcrm\apps\api\node_modules\jest-circus\build\jestAdapterInit.js:857:11)
    at run (D:\Projects-In-Hand\helixcrm\apps\api\node_modules\jest-circus\build\jestAdapterInit.js:761:3)
    at runAndTransformResultsToJestFormat (D:\Projects-In-Hand\helixcrm\apps\api\node_modules\jest-circus\build\jestAdapterInit.js:1918:21)
    at jestAdapter (D:\Projects-In-Hand\helixcrm\apps\api\node_modules\jest-circus\build\runner.js:101:19)
    at runTestInternal (D:\Projects-In-Hand\helixcrm\apps\api\node_modules\jest-runner\build\index.js:275:16)
    at runTest (D:\Projects-In-Hand\helixcrm\apps\api\node_modules\jest-runner\build\index.js:343:7)</failure>
    </testcase>
    <testcase classname="Soc2EvidenceService performGapAnalysis should perform gap analysis" name="Soc2EvidenceService performGapAnalysis should perform gap analysis" time="0.004">
      <failure>TypeError: service.performGapAnalysis is not a function
    at Object.&lt;anonymous&gt; (D:\Projects-In-Hand\helixcrm\apps\api\tests\unit\compliance\soc2-evidence.service.spec.ts:484:36)
    at Promise.finally.completed (D:\Projects-In-Hand\helixcrm\apps\api\node_modules\jest-circus\build\jestAdapterInit.js:1557:28)
    at new Promise (&lt;anonymous&gt;)
    at callAsyncCircusFn (D:\Projects-In-Hand\helixcrm\apps\api\node_modules\jest-circus\build\jestAdapterInit.js:1497:10)
    at _callCircusTest (D:\Projects-In-Hand\helixcrm\apps\api\node_modules\jest-circus\build\jestAdapterInit.js:1007:40)
    at _runTest (D:\Projects-In-Hand\helixcrm\apps\api\node_modules\jest-circus\build\jestAdapterInit.js:947:3)
    at D:\Projects-In-Hand\helixcrm\apps\api\node_modules\jest-circus\build\jestAdapterInit.js:849:7
    at _runTestsForDescribeBlock (D:\Projects-In-Hand\helixcrm\apps\api\node_modules\jest-circus\build\jestAdapterInit.js:862:11)
    at _runTestsForDescribeBlock (D:\Projects-In-Hand\helixcrm\apps\api\node_modules\jest-circus\build\jestAdapterInit.js:857:11)
    at _runTestsForDescribeBlock (D:\Projects-In-Hand\helixcrm\apps\api\node_modules\jest-circus\build\jestAdapterInit.js:857:11)
    at run (D:\Projects-In-Hand\helixcrm\apps\api\node_modules\jest-circus\build\jestAdapterInit.js:761:3)
    at runAndTransformResultsToJestFormat (D:\Projects-In-Hand\helixcrm\apps\api\node_modules\jest-circus\build\jestAdapterInit.js:1918:21)
    at jestAdapter (D:\Projects-In-Hand\helixcrm\apps\api\node_modules\jest-circus\build\runner.js:101:19)
    at runTestInternal (D:\Projects-In-Hand\helixcrm\apps\api\node_modules\jest-runner\build\index.js:275:16)
    at runTest (D:\Projects-In-Hand\helixcrm\apps\api\node_modules\jest-runner\build\index.js:343:7)</failure>
    </testcase>
    <testcase classname="Soc2EvidenceService performGapAnalysis should generate gap analysis report" name="Soc2EvidenceService performGapAnalysis should generate gap analysis report" time="0.007">
      <failure>TypeError: service.performGapAnalysis is not a function
    at Object.&lt;anonymous&gt; (D:\Projects-In-Hand\helixcrm\apps\api\tests\unit\compliance\soc2-evidence.service.spec.ts:501:21)
    at Promise.finally.completed (D:\Projects-In-Hand\helixcrm\apps\api\node_modules\jest-circus\build\jestAdapterInit.js:1557:28)
    at new Promise (&lt;anonymous&gt;)
    at callAsyncCircusFn (D:\Projects-In-Hand\helixcrm\apps\api\node_modules\jest-circus\build\jestAdapterInit.js:1497:10)
    at _callCircusTest (D:\Projects-In-Hand\helixcrm\apps\api\node_modules\jest-circus\build\jestAdapterInit.js:1007:40)
    at _runTest (D:\Projects-In-Hand\helixcrm\apps\api\node_modules\jest-circus\build\jestAdapterInit.js:947:3)
    at D:\Projects-In-Hand\helixcrm\apps\api\node_modules\jest-circus\build\jestAdapterInit.js:849:7
    at _runTestsForDescribeBlock (D:\Projects-In-Hand\helixcrm\apps\api\node_modules\jest-circus\build\jestAdapterInit.js:862:11)
    at _runTestsForDescribeBlock (D:\Projects-In-Hand\helixcrm\apps\api\node_modules\jest-circus\build\jestAdapterInit.js:857:11)
    at _runTestsForDescribeBlock (D:\Projects-In-Hand\helixcrm\apps\api\node_modules\jest-circus\build\jestAdapterInit.js:857:11)
    at run (D:\Projects-In-Hand\helixcrm\apps\api\node_modules\jest-circus\build\jestAdapterInit.js:761:3)
    at runAndTransformResultsToJestFormat (D:\Projects-In-Hand\helixcrm\apps\api\node_modules\jest-circus\build\jestAdapterInit.js:1918:21)
    at jestAdapter (D:\Projects-In-Hand\helixcrm\apps\api\node_modules\jest-circus\build\runner.js:101:19)
    at runTestInternal (D:\Projects-In-Hand\helixcrm\apps\api\node_modules\jest-runner\build\index.js:275:16)
    at runTest (D:\Projects-In-Hand\helixcrm\apps\api\node_modules\jest-runner\build\index.js:343:7)</failure>
    </testcase>
    <testcase classname="Soc2EvidenceService cleanupOldEvidence should cleanup old evidence files" name="Soc2EvidenceService cleanupOldEvidence should cleanup old evidence files" time="0.004">
      <failure>TypeError: service.cleanupOldEvidence is not a function
    at Object.&lt;anonymous&gt; (D:\Projects-In-Hand\helixcrm\apps\api\tests\unit\compliance\soc2-evidence.service.spec.ts:564:21)
    at Promise.finally.completed (D:\Projects-In-Hand\helixcrm\apps\api\node_modules\jest-circus\build\jestAdapterInit.js:1557:28)
    at new Promise (&lt;anonymous&gt;)
    at callAsyncCircusFn (D:\Projects-In-Hand\helixcrm\apps\api\node_modules\jest-circus\build\jestAdapterInit.js:1497:10)
    at _callCircusTest (D:\Projects-In-Hand\helixcrm\apps\api\node_modules\jest-circus\build\jestAdapterInit.js:1007:40)
    at _runTest (D:\Projects-In-Hand\helixcrm\apps\api\node_modules\jest-circus\build\jestAdapterInit.js:947:3)
    at D:\Projects-In-Hand\helixcrm\apps\api\node_modules\jest-circus\build\jestAdapterInit.js:849:7
    at _runTestsForDescribeBlock (D:\Projects-In-Hand\helixcrm\apps\api\node_modules\jest-circus\build\jestAdapterInit.js:862:11)
    at _runTestsForDescribeBlock (D:\Projects-In-Hand\helixcrm\apps\api\node_modules\jest-circus\build\jestAdapterInit.js:857:11)
    at _runTestsForDescribeBlock (D:\Projects-In-Hand\helixcrm\apps\api\node_modules\jest-circus\build\jestAdapterInit.js:857:11)
    at run (D:\Projects-In-Hand\helixcrm\apps\api\node_modules\jest-circus\build\jestAdapterInit.js:761:3)
    at runAndTransformResultsToJestFormat (D:\Projects-In-Hand\helixcrm\apps\api\node_modules\jest-circus\build\jestAdapterInit.js:1918:21)
    at jestAdapter (D:\Projects-In-Hand\helixcrm\apps\api\node_modules\jest-circus\build\runner.js:101:19)
    at runTestInternal (D:\Projects-In-Hand\helixcrm\apps\api\node_modules\jest-runner\build\index.js:275:16)
    at runTest (D:\Projects-In-Hand\helixcrm\apps\api\node_modules\jest-runner\build\index.js:343:7)</failure>
    </testcase>
    <testcase classname="Soc2EvidenceService cleanupOldEvidence should log cleanup results" name="Soc2EvidenceService cleanupOldEvidence should log cleanup results" time="0.004">
      <failure>Error: Cannot use spyOn on a primitive value; undefined given
    at ModuleMocker.spyOn (D:\Projects-In-Hand\helixcrm\apps\api\node_modules\jest-mock\build\index.js:583:13)
    at Object.&lt;anonymous&gt; (D:\Projects-In-Hand\helixcrm\apps\api\tests\unit\compliance\soc2-evidence.service.spec.ts:574:30)
    at Promise.finally.completed (D:\Projects-In-Hand\helixcrm\apps\api\node_modules\jest-circus\build\jestAdapterInit.js:1557:28)
    at new Promise (&lt;anonymous&gt;)
    at callAsyncCircusFn (D:\Projects-In-Hand\helixcrm\apps\api\node_modules\jest-circus\build\jestAdapterInit.js:1497:10)
    at _callCircusTest (D:\Projects-In-Hand\helixcrm\apps\api\node_modules\jest-circus\build\jestAdapterInit.js:1007:40)
    at _runTest (D:\Projects-In-Hand\helixcrm\apps\api\node_modules\jest-circus\build\jestAdapterInit.js:947:3)
    at D:\Projects-In-Hand\helixcrm\apps\api\node_modules\jest-circus\build\jestAdapterInit.js:849:7
    at _runTestsForDescribeBlock (D:\Projects-In-Hand\helixcrm\apps\api\node_modules\jest-circus\build\jestAdapterInit.js:862:11)
    at _runTestsForDescribeBlock (D:\Projects-In-Hand\helixcrm\apps\api\node_modules\jest-circus\build\jestAdapterInit.js:857:11)
    at _runTestsForDescribeBlock (D:\Projects-In-Hand\helixcrm\apps\api\node_modules\jest-circus\build\jestAdapterInit.js:857:11)
    at run (D:\Projects-In-Hand\helixcrm\apps\api\node_modules\jest-circus\build\jestAdapterInit.js:761:3)
    at runAndTransformResultsToJestFormat (D:\Projects-In-Hand\helixcrm\apps\api\node_modules\jest-circus\build\jestAdapterInit.js:1918:21)
    at jestAdapter (D:\Projects-In-Hand\helixcrm\apps\api\node_modules\jest-circus\build\runner.js:101:19)
    at runTestInternal (D:\Projects-In-Hand\helixcrm\apps\api\node_modules\jest-runner\build\index.js:275:16)
    at runTest (D:\Projects-In-Hand\helixcrm\apps\api\node_modules\jest-runner\build\index.js:343:7)</failure>
    </testcase>
    <testcase classname="Soc2EvidenceService generateHash should generate hash using crypto" name="Soc2EvidenceService generateHash should generate hash using crypto" time="0.004">
      <failure>Error: expect(received).toBe(expected) // Object.is equality

Expected: &quot;mocked-hash-123&quot;
Received: &quot;mock-hash-123&quot;
    at Object.&lt;anonymous&gt; (D:\Projects-In-Hand\helixcrm\apps\api\tests\unit\compliance\soc2-evidence.service.spec.ts:590:22)
    at Promise.finally.completed (D:\Projects-In-Hand\helixcrm\apps\api\node_modules\jest-circus\build\jestAdapterInit.js:1557:28)
    at new Promise (&lt;anonymous&gt;)
    at callAsyncCircusFn (D:\Projects-In-Hand\helixcrm\apps\api\node_modules\jest-circus\build\jestAdapterInit.js:1497:10)
    at _callCircusTest (D:\Projects-In-Hand\helixcrm\apps\api\node_modules\jest-circus\build\jestAdapterInit.js:1007:40)
    at _runTest (D:\Projects-In-Hand\helixcrm\apps\api\node_modules\jest-circus\build\jestAdapterInit.js:947:3)
    at D:\Projects-In-Hand\helixcrm\apps\api\node_modules\jest-circus\build\jestAdapterInit.js:849:7
[...]
    </testcase>
  </testsuite>
  <testsuite name="AuditLogController" errors="0" failures="0" skipped="0" timestamp="2026-03-10T09:41:19" time="0.838" tests="17">
    <testcase classname="AuditLogController should be defined" name="AuditLogController should be defined" time="0.012">
    </testcase>
    <testcase classname="AuditLogController getAuditLogs should return audit logs with default params" name="AuditLogController getAuditLogs should return audit logs with default params" time="0.012">
    </testcase>
    <testcase classname="AuditLogController getAuditLogs should filter by date range" name="AuditLogController getAuditLogs should filter by date range" time="0.007">
    </testcase>
    <testcase classname="AuditLogController getAuditLogs should filter by action" name="AuditLogController getAuditLogs should filter by action" time="0.007">
    </testcase>
    <testcase classname="AuditLogController getAuditLogs should filter by entity type" name="AuditLogController getAuditLogs should filter by entity type" time="0.006">
    </testcase>
    <testcase classname="AuditLogController getAuditLogs should filter by actor email" name="AuditLogController getAuditLogs should filter by actor email" time="0.01">
    </testcase>
    <testcase classname="AuditLogController getAuditLogs should filter by severity" name="AuditLogController getAuditLogs should filter by severity" time="0.006">
    </testcase>
    <testcase classname="AuditLogController getAuditLogs should filter by search term" name="AuditLogController getAuditLogs should filter by search term" time="0.006">
    </testcase>
    <testcase classname="AuditLogController getAuditLogs should throw BadRequestException if organization ID missing" name="AuditLogController getAuditLogs should throw BadRequestException if organization ID missing" time="0.018">
    </testcase>
    <testcase classname="AuditLogController getAuditLogs should throw BadRequestException if start date invalid" name="AuditLogController getAuditLogs should throw BadRequestException if start date invalid" time="0.012">
    </testcase>
    <testcase classname="AuditLogController getAuditLogs should throw BadRequestException if end date invalid" name="AuditLogController getAuditLogs should throw BadRequestException if end date invalid" time="0.007">
    </testcase>
    <testcase classname="AuditLogController getAuditLogs should throw BadRequestException if start date after end date" name="AuditLogController getAuditLogs should throw BadRequestException if start date after end date" time="0.008">
    </testcase>
    <testcase classname="AuditLogController getStats should return audit statistics" name="AuditLogController getStats should return audit statistics" time="0.007">
    </testcase>
    <testcase classname="AuditLogController getStats should throw BadRequestException if organization ID missing" name="AuditLogController getStats should throw BadRequestException if organization ID missing" time="0.01">
    </testcase>
    <testcase classname="AuditLogController getAvailableFilters should return available filter options" name="AuditLogController getAvailableFilters should return available filter options" time="0.01">
    </testcase>
    <testcase classname="AuditLogController exportAuditLogs should set CSV headers and send data" name="AuditLogController exportAuditLogs should set CSV headers and send data" time="0.007">
    </testcase>
    <testcase classname="AuditLogController exportAuditLogs should throw BadRequestException if organization ID missing" name="AuditLogController exportAuditLogs should throw BadRequestException if organization ID missing" time="0.008">
    </testcase>
  </testsuite>
  <testsuite name="AuthGuard - Isolated Tests" errors="0" failures="0" skipped="0" timestamp="2026-03-10T09:41:20" time="0.621" tests="7">
    <testcase classname="AuthGuard - Isolated Tests no token scenarios should throw UnauthorizedException when no token is provided" name="AuthGuard - Isolated Tests no token scenarios should throw UnauthorizedException when no token is provided" time="0.021">
    </testcase>
    <testcase classname="AuthGuard - Isolated Tests token validation failures should throw UnauthorizedException when token verification fails" name="AuthGuard - Isolated Tests token validation failures should throw UnauthorizedException when token verification fails" time="0.008">
    </testcase>
    <testcase classname="AuthGuard - Isolated Tests token validation failures should throw UnauthorizedException when token missing required claims" name="AuthGuard - Isolated Tests token validation failures should throw UnauthorizedException when token missing required claims" time="0.008">
    </testcase>
    <testcase classname="AuthGuard - Isolated Tests user validation failures should throw UnauthorizedException when user not found" name="AuthGuard - Isolated Tests user validation failures should throw UnauthorizedException when user not found" time="0.012">
    </testcase>
    <testcase classname="AuthGuard - Isolated Tests user validation failures should throw UnauthorizedException when user is inactive" name="AuthGuard - Isolated Tests user validation failures should throw UnauthorizedException when user is inactive" time="0.007">
    </testcase>
    <testcase classname="AuthGuard - Isolated Tests user validation failures should throw UnauthorizedException when token version mismatches" name="AuthGuard - Isolated Tests user validation failures should throw UnauthorizedException when token version mismatches" time="0.01">
    </testcase>
    <testcase classname="AuthGuard - Isolated Tests successful authentication should return true when authentication succeeds" name="AuthGuard - Isolated Tests successful authentication should return true when authentication succeeds" time="0.007">
    </testcase>
  </testsuite>
  <testsuite name="AppController" errors="0" failures="0" skipped="0" timestamp="2026-03-10T09:41:20" time="0.543" tests="1">
    <testcase classname="AppController root should return &quot;Hello World!&quot;" name="AppController root should return &quot;Hello World!&quot;" time="0.01">
    </testcase>
  </testsuite>
  <testsuite name="RequestContextMiddleware" errors="0" failures="0" skipped="0" timestamp="2026-03-10T09:41:21" time="0.56" tests="7">
    <testcase classname="RequestContextMiddleware should be defined" name="RequestContextMiddleware should be defined" time="0.003">
    </testcase>
    <testcase classname="RequestContextMiddleware when X-Request-ID header is provided should use the provided request ID" name="RequestContextMiddleware when X-Request-ID header is provided should use the provided request ID" time="0.006">
    </testcase>
    <testcase classname="RequestContextMiddleware when no X-Request-ID header is provided should generate a new request ID" name="RequestContextMiddleware when no X-Request-ID header is provided should generate a new request ID" time="0.007">
    </testcase>
    <testcase classname="RequestContextMiddleware edge cases should handle when header method returns null" name="RequestContextMiddleware edge cases should handle when header method returns null" time="0.003">
    </testcase>
    <testcase classname="RequestContextMiddleware edge cases should set the requestId on the request object" name="RequestContextMiddleware edge cases should set the requestId on the request object" time="0.003">
    </testcase>
    <testcase classname="RequestContextMiddleware edge cases should call next() exactly once" name="RequestContextMiddleware edge cases should call next() exactly once" time="0.003">
    </testcase>
    <testcase classname="RequestContextMiddleware edge cases should create store with correct structure" name="RequestContextMiddleware edge cases should create store with correct structure" time="0.003">
    </testcase>
  </testsuite>
  <testsuite name="RequestId Decorator" errors="0" failures="0" skipped="0" timestamp="2026-03-10T09:41:21" time="0.549" tests="10">
    <testcase classname="RequestId Decorator should be defined" name="RequestId Decorator should be defined" time="0.003">
    </testcase>
    <testcase classname="RequestId Decorator should return a function when called" name="RequestId Decorator should return a function when called" time="0.003">
    </testcase>
    <testcase classname="RequestId Decorator should be usable as a parameter decorator" name="RequestId Decorator should be usable as a parameter decorator" time="0.003">
    </testcase>
    <testcase classname="RequestId Decorator should create a decorator that accepts target, propertyKey, and parameterIndex" name="RequestId Decorator should create a decorator that accepts target, propertyKey, and parameterIndex" time="0.002">
    </testcase>
    <testcase classname="RequestId Decorator runtime behavior should extract request ID from headers" name="RequestId Decorator runtime behavior should extract request ID from headers" time="0.002">
    </testcase>
    <testcase classname="RequestId Decorator runtime behavior should extract request ID from request.id" name="RequestId Decorator runtime behavior should extract request ID from request.id" time="0.003">
    </testcase>
    <testcase classname="RequestId Decorator runtime behavior should prioritize x-request-id header over request.id" name="RequestId Decorator runtime behavior should prioritize x-request-id header over request.id" time="0.004">
    </testcase>
    <testcase classname="RequestId Decorator runtime behavior should generate fallback ID when no ID available" name="RequestId Decorator runtime behavior should generate fallback ID when no ID available" time="0.007">
    </testcase>
    <testcase classname="RequestId Decorator runtime behavior should handle missing headers object" name="RequestId Decorator runtime behavior should handle missing headers object" time="0.003">
    </testcase>
    <testcase classname="RequestId Decorator runtime behavior should handle null request" name="RequestId Decorator runtime behavior should handle null request" time="0.004">
    </testcase>
  </testsuite>
  <testsuite name="TenantContextHook" errors="0" failures="0" skipped="0" timestamp="2026-03-10T09:41:22" time="0.493" tests="6">
    <testcase classname="TenantContextHook should be defined" name="TenantContextHook should be defined" time="0.003">
    </testcase>
    <testcase classname="TenantContextHook should return a function when called" name="TenantContextHook should return a function when called" time="0.003">
    </testcase>
    <testcase classname="TenantContextHook should create a valid parameter decorator" name="TenantContextHook should create a valid parameter decorator" time="0.003">
    </testcase>
    <testcase classname="TenantContextHook when used in a controller should be usable as a parameter decorator" name="TenantContextHook when used in a controller should be usable as a parameter decorator" time="0.003">
    </testcase>
    <testcase classname="TenantContextHook when used in a controller should create a decorator that accesses the request" name="TenantContextHook when used in a controller should create a decorator that accesses the request" time="0.003">
    </testcase>
    <testcase classname="TenantContextHook factory function should return a function without throwing" name="TenantContextHook factory function should return a function without throwing" time="0.003">
    </testcase>
  </testsuite>
  <testsuite name="CorrelationIdMiddleware" errors="0" failures="0" skipped="1" timestamp="2026-03-10T09:41:23" time="0.618" tests="7">
    <testcase classname="CorrelationIdMiddleware should be defined" name="CorrelationIdMiddleware should be defined" time="0.004">
    </testcase>
    <testcase classname="CorrelationIdMiddleware when correlation ID is provided in headers should use the provided correlation ID" name="CorrelationIdMiddleware when correlation ID is provided in headers should use the provided correlation ID" time="0.008">
    </testcase>
    <testcase classname="CorrelationIdMiddleware when no correlation ID is provided should generate a new correlation ID" name="CorrelationIdMiddleware when no correlation ID is provided should generate a new correlation ID" time="0.003">
    </testcase>
    <testcase classname="CorrelationIdMiddleware edge cases should handle missing headers by using empty object" name="CorrelationIdMiddleware edge cases should handle missing headers by using empty object" time="0">
      <skipped/>
    </testcase>
    <testcase classname="CorrelationIdMiddleware edge cases should set both headers correctly with provided correlation ID" name="CorrelationIdMiddleware edge cases should set both headers correctly with provided correlation ID" time="0.003">
    </testcase>
    <testcase classname="CorrelationIdMiddleware edge cases should set both headers correctly with generated IDs" name="CorrelationIdMiddleware edge cases should set both headers correctly with generated IDs" time="0.002">
    </testcase>
    <testcase classname="CorrelationIdMiddleware edge cases should call next() exactly once" name="CorrelationIdMiddleware edge cases should call next() exactly once" time="0.003">
    </testcase>
  </testsuite>
  <testsuite name="ValidateEntityExists Decorator" errors="0" failures="0" skipped="0" timestamp="2026-03-10T09:41:23" time="0.472" tests="7">
    <testcase classname="ValidateEntityExists Decorator should be defined" name="ValidateEntityExists Decorator should be defined" time="0.003">
    </testcase>
    <testcase classname="ValidateEntityExists Decorator should call SetMetadata with the correct key and value" name="ValidateEntityExists Decorator should call SetMetadata with the correct key and value" time="0.003">
    </testcase>
    <testcase classname="ValidateEntityExists Decorator should handle different entity types" name="ValidateEntityExists Decorator should handle different entity types" time="0.006">
    </testcase>
    <testcase classname="ValidateEntityExists Decorator should handle entity types with spaces" name="ValidateEntityExists Decorator should handle entity types with spaces" time="0.003">
    </testcase>
    <testcase classname="ValidateEntityExists Decorator should handle empty string entity type" name="ValidateEntityExists Decorator should handle empty string entity type" time="0.003">
    </testcase>
    <testcase classname="ValidateEntityExists Decorator should return the result of SetMetadata" name="ValidateEntityExists Decorator should return the result of SetMetadata" time="0.003">
    </testcase>
    <testcase classname="ValidateEntityExists Decorator should work with common entity types" name="ValidateEntityExists Decorator should work with common entity types" time="0.003">
    </testcase>
  </testsuite>
  <testsuite name="PerformanceMonitor Decorator" errors="0" failures="0" skipped="0" timestamp="2026-03-10T09:41:24" time="0.507" tests="5">
    <testcase classname="PerformanceMonitor Decorator should be defined" name="PerformanceMonitor Decorator should be defined" time="0.003">
    </testcase>
    <testcase classname="PerformanceMonitor Decorator should set metadata with operation name" name="PerformanceMonitor Decorator should set metadata with operation name" time="0.004">
    </testcase>
    <testcase classname="PerformanceMonitor Decorator should handle empty string operation name" name="PerformanceMonitor Decorator should handle empty string operation name" time="0.004">
    </testcase>
    <testcase classname="PerformanceMonitor Decorator should handle operation names with spaces" name="PerformanceMonitor Decorator should handle operation names with spaces" time="0.007">
    </testcase>
    <testcase classname="PerformanceMonitor Decorator should handle operation names with special characters" name="PerformanceMonitor Decorator should handle operation names with special characters" time="0.003">
    </testcase>
  </testsuite>
  <testsuite name="ApiPaginatedResponse" errors="0" failures="0" skipped="0" timestamp="2026-03-10T09:41:24" time="0.368" tests="7">
    <testcase classname="ApiPaginatedResponse should be defined" name="ApiPaginatedResponse should be defined" time="0.004">
    </testcase>
    <testcase classname="ApiPaginatedResponse should call applyDecorators" name="ApiPaginatedResponse should call applyDecorators" time="0.008">
    </testcase>
    <testcase classname="ApiPaginatedResponse should create ApiOkResponse with correct schema" name="ApiPaginatedResponse should create ApiOkResponse with correct schema" time="0.003">
    </testcase>
    <testcase classname="ApiPaginatedResponse should create schema with data array property" name="ApiPaginatedResponse should create schema with data array property" time="0.003">
    </testcase>
    <testcase classname="ApiPaginatedResponse should create schema with pagination metadata properties" name="ApiPaginatedResponse should create schema with pagination metadata properties" time="0.003">
    </testcase>
    <testcase classname="ApiPaginatedResponse should handle different model names correctly" name="ApiPaginatedResponse should handle different model names correctly" time="0.003">
    </testcase>
    <testcase classname="ApiPaginatedResponse should return result of applyDecorators" name="ApiPaginatedResponse should return result of applyDecorators" time="0.003">
    </testcase>
  </testsuite>
  <testsuite name="RateLimit Decorator" errors="0" failures="0" skipped="0" timestamp="2026-03-10T09:41:25" time="0.492" tests="6">
    <testcase classname="RateLimit Decorator should be defined" name="RateLimit Decorator should be defined" time="0.003">
    </testcase>
    <testcase classname="RateLimit Decorator should set metadata with rate limit options" name="RateLimit Decorator should set metadata with rate limit options" time="0.006">
    </testcase>
    <testcase classname="RateLimit Decorator should handle different points values" name="RateLimit Decorator should handle different points values" time="0.002">
    </testcase>
    <testcase classname="RateLimit Decorator should handle zero points" name="RateLimit Decorator should handle zero points" time="0.002">
    </testcase>
    <testcase classname="RateLimit Decorator should handle zero duration" name="RateLimit Decorator should handle zero duration" time="0.003">
    </testcase>
    <testcase classname="RateLimit Decorator should handle large numbers" name="RateLimit Decorator should handle large numbers" time="0.002">
    </testcase>
  </testsuite>
  <testsuite name="RequirePermission Decorators" errors="0" failures="0" skipped="0" timestamp="2026-03-10T09:41:25" time="0.467" tests="5">
    <testcase classname="RequirePermission Decorators RequirePermission should set metadata with single permission string" name="RequirePermission Decorators RequirePermission should set metadata with single permission string" time="0.003">
    </testcase>
    <testcase classname="RequirePermission Decorators RequirePermission should set metadata with array of permissions" name="RequirePermission Decorators RequirePermission should set metadata with array of permissions" time="0.003">
    </testcase>
    <testcase classname="RequirePermission Decorators RequirePermission should handle empty array" name="RequirePermission Decorators RequirePermission should handle empty array" time="0.002">
    </testcase>
    <testcase classname="RequirePermission Decorators Public should set public metadata to true" name="RequirePermission Decorators Public should set public metadata to true" time="0.003">
    </testcase>
    <testcase classname="RequirePermission Decorators AdminOnly should set permission metadata for admin" name="RequirePermission Decorators AdminOnly should set permission metadata for admin" time="0.006">
    </testcase>
  </testsuite>
</testsuites>